
[01:02:29.235] Execution of the command sfdmu:run has been started.

[01:02:29.241] LOADING AND VALIDATING THE PACKAGE SCRIPT...
[01:02:29.399] Connecting to jburgers@imcdgroup.com.uat using SFDX CLI...
[01:02:34.881] Successfully connected to jburgers@imcdgroup.com.uat.
[01:02:34.882] Connecting to jburgers@imcdgroup.com.dmpoc using SFDX CLI...
[01:02:38.334] Successfully connected to jburgers@imcdgroup.com.dmpoc.
[01:02:38.355] {"SOURCE":"jburgers@imcdgroup.com.uat.","TARGET":"jburgers@imcdgroup.com.dmpoc.","Package script":"/Users/jburgers/Documents/SFDMU/data/jburgers-salesforce-com/SBQQ/export.json."}

[01:02:38.359] GETTING AND ANALYSING OBJECTS METADATA...
[01:02:38.360] Processing the sObject SBQQ__CustomAction__c...
[01:02:38.361] Getting metadata for SBQQ__CustomAction__c (SOURCE)
[01:02:38.600] Getting metadata for SBQQ__CustomAction__c (TARGET)
[01:02:38.846] Processing the sObject SBQQ__LineColumn__c...
[01:02:38.847] Getting metadata for SBQQ__LineColumn__c (SOURCE)
[01:02:39.91] Getting metadata for SBQQ__LineColumn__c (TARGET)
[01:02:39.351] Processing the sObject SBQQ__LookupData__c...
[01:02:39.352] Getting metadata for SBQQ__LookupData__c (SOURCE)
[01:02:39.533] Getting metadata for SBQQ__LookupData__c (TARGET)
[01:02:39.757] Processing the sObject SBQQ__LookupQuery__c...
[01:02:39.758] Getting metadata for SBQQ__LookupQuery__c (SOURCE)
[01:02:39.957] Getting metadata for SBQQ__LookupQuery__c (TARGET)
[01:02:40.155] Processing the sObject SBQQ__PriceAction__c...
[01:02:40.155] Getting metadata for SBQQ__PriceAction__c (SOURCE)
[01:02:40.373] Getting metadata for SBQQ__PriceAction__c (TARGET)
[01:02:40.623] Processing the sObject SBQQ__PriceCondition__c...
[01:02:40.625] Getting metadata for SBQQ__PriceCondition__c (SOURCE)
[01:02:40.829] Getting metadata for SBQQ__PriceCondition__c (TARGET)
[01:02:41.17] Processing the sObject SBQQ__PriceRule__c...
[01:02:41.18] Getting metadata for SBQQ__PriceRule__c (SOURCE)
[01:02:41.212] Getting metadata for SBQQ__PriceRule__c (TARGET)
[01:02:41.547] Processing the sObject SBQQ__QuoteTemplate__c...
[01:02:41.548] Getting metadata for SBQQ__QuoteTemplate__c (SOURCE)
[01:02:41.801] Getting metadata for SBQQ__QuoteTemplate__c (TARGET)
[01:02:42.115] Processing the sObject SBQQ__SearchFilter__c...
[01:02:42.115] Getting metadata for SBQQ__SearchFilter__c (SOURCE)
[01:02:42.371] Getting metadata for SBQQ__SearchFilter__c (TARGET)
[01:02:42.570] Processing the sObject SBQQ__SearchIndex__c...
[01:02:42.570] Getting metadata for SBQQ__SearchIndex__c (SOURCE)
[01:02:42.755] Getting metadata for SBQQ__SearchIndex__c (TARGET)
[01:02:42.940] Processing the sObject SBQQ__TemplateContent__c...
[01:02:42.941] Getting metadata for SBQQ__TemplateContent__c (SOURCE)
[01:02:43.163] Getting metadata for SBQQ__TemplateContent__c (TARGET)
[01:02:43.423] Processing the sObject SBQQ__TemplateSection__c...
[01:02:43.424] Getting metadata for SBQQ__TemplateSection__c (SOURCE)
[01:02:43.613] Getting metadata for SBQQ__TemplateSection__c (TARGET)
[01:02:43.802] Processing the sObject SBQQ__TemplateSection__c...
[01:02:43.803] Processing the sObject SBQQ__TemplateContent__c...
[01:02:43.803] Processing the sObject SBQQ__SearchIndex__c...
[01:02:43.804] Processing the sObject SBQQ__SearchFilter__c...
[01:02:43.804] Processing the sObject SBQQ__QuoteTemplate__c...
[01:02:43.804] Processing the sObject SBQQ__PriceRule__c...
[01:02:43.805] Processing the sObject SBQQ__PriceCondition__c...
[01:02:43.806] Processing the sObject SBQQ__PriceAction__c...
[01:02:43.806] Processing the sObject SBQQ__LookupQuery__c...
[01:02:43.807] Processing the sObject SBQQ__LookupData__c...
[01:02:43.807] Processing the sObject SBQQ__LineColumn__c...
[01:02:43.808] Processing the sObject SBQQ__CustomAction__c...
[01:02:43.812][WARN] The SOQL query for sObject SBQQ__LookupData__c does not include any field can be updated or inserted.
[01:02:43.814][WARN] The SOQL query for sObject SBQQ__LookupQuery__c does not include any field can be updated or inserted.
[01:02:43.815][WARN] The SOQL query for sObject SBQQ__PriceAction__c does not include any field can be updated or inserted.
[01:02:43.816][WARN] The SOQL query for sObject SBQQ__PriceCondition__c does not include any field can be updated or inserted.
[01:02:43.817][WARN] The SOQL query for sObject SBQQ__SearchIndex__c does not include any field can be updated or inserted.

[01:02:43.818] PREPARING DATA MIGRATION JOB...
[01:02:43.819] Building migration strategy...
[01:02:43.822] {"Order of objects to retrieve data":"SBQQ__CustomAction__c; SBQQ__LineColumn__c; SBQQ__LookupData__c; SBQQ__LookupQuery__c; SBQQ__PriceAction__c; SBQQ__PriceCondition__c; SBQQ__PriceRule__c; SBQQ__QuoteTemplate__c; SBQQ__SearchFilter__c; SBQQ__SearchIndex__c; SBQQ__TemplateContent__c; SBQQ__TemplateSection__c"}
[01:02:43.823] {"Order of objects to update data":"SBQQ__CustomAction__c; SBQQ__LineColumn__c; SBQQ__LookupData__c; SBQQ__LookupQuery__c; SBQQ__PriceAction__c; SBQQ__PriceCondition__c; SBQQ__PriceRule__c; SBQQ__QuoteTemplate__c; SBQQ__SearchFilter__c; SBQQ__SearchIndex__c; SBQQ__TemplateContent__c; SBQQ__TemplateSection__c"}

[01:02:43.825] GETTING THE TOTAL AMOUNT OF RECORDS LIMITED BY THE OBJECT'S SOQL QUERY...
[01:02:44.73] {SBQQ__CustomAction__c} Total amount of the SOURCE records: 38
[01:02:44.195] {SBQQ__CustomAction__c} Total amount of the TARGET records: 0
[01:02:44.333] {SBQQ__LineColumn__c} Total amount of the SOURCE records: 107
[01:02:44.604] {SBQQ__LineColumn__c} Total amount of the TARGET records: 0
[01:02:44.720] {SBQQ__LookupData__c} Total amount of the SOURCE records: 0
[01:02:44.887] {SBQQ__LookupData__c} Total amount of the TARGET records: 0
[01:02:45.16] {SBQQ__LookupQuery__c} Total amount of the SOURCE records: 64
[01:02:45.119] {SBQQ__LookupQuery__c} Total amount of the TARGET records: 0
[01:02:45.242] {SBQQ__PriceAction__c} Total amount of the SOURCE records: 166
[01:02:45.360] {SBQQ__PriceAction__c} Total amount of the TARGET records: 0
[01:02:45.502] {SBQQ__PriceCondition__c} Total amount of the SOURCE records: 67
[01:02:45.613] {SBQQ__PriceCondition__c} Total amount of the TARGET records: 0
[01:02:45.731] {SBQQ__PriceRule__c} Total amount of the SOURCE records: 37
[01:02:45.847] {SBQQ__PriceRule__c} Total amount of the TARGET records: 0
[01:02:45.951] {SBQQ__QuoteTemplate__c} Total amount of the SOURCE records: 7
[01:02:46.87] {SBQQ__QuoteTemplate__c} Total amount of the TARGET records: 0
[01:02:46.210] {SBQQ__SearchFilter__c} Total amount of the SOURCE records: 13
[01:02:46.333] {SBQQ__SearchFilter__c} Total amount of the TARGET records: 0
[01:02:46.634] {SBQQ__SearchIndex__c} Total amount of the SOURCE records: 0
[01:02:46.732] {SBQQ__SearchIndex__c} Total amount of the TARGET records: 0
[01:02:46.846] {SBQQ__TemplateContent__c} Total amount of the SOURCE records: 70
[01:02:46.960] {SBQQ__TemplateContent__c} Total amount of the TARGET records: 0
[01:02:47.55] {SBQQ__TemplateSection__c} Total amount of the SOURCE records: 86
[01:02:47.158] {SBQQ__TemplateSection__c} Total amount of the TARGET records: 0

[01:02:47.159] DELETING OLD DATA FROM THE TARGET...
[01:02:47.160] {SBQQ__TemplateSection__c} Deleting old sObject data from the Target.
[01:02:47.270] {SBQQ__TemplateSection__c} Nothing to delete.
[01:02:47.271] {SBQQ__TemplateContent__c} Deleting old sObject data from the Target.
[01:02:47.381] {SBQQ__TemplateContent__c} Nothing to delete.
[01:02:47.382] {SBQQ__SearchIndex__c} Deleting old sObject data from the Target.
[01:02:47.480] {SBQQ__SearchIndex__c} Nothing to delete.
[01:02:47.480] {SBQQ__SearchFilter__c} Deleting old sObject data from the Target.
[01:02:47.585] {SBQQ__SearchFilter__c} Nothing to delete.
[01:02:47.585] {SBQQ__QuoteTemplate__c} Deleting old sObject data from the Target.
[01:02:47.688] {SBQQ__QuoteTemplate__c} Nothing to delete.
[01:02:47.689] {SBQQ__PriceRule__c} Deleting old sObject data from the Target.
[01:02:47.801] {SBQQ__PriceRule__c} Nothing to delete.
[01:02:47.802] {SBQQ__PriceCondition__c} Deleting old sObject data from the Target.
[01:02:47.926] {SBQQ__PriceCondition__c} Nothing to delete.
[01:02:47.927] {SBQQ__PriceAction__c} Deleting old sObject data from the Target.
[01:02:48.28] {SBQQ__PriceAction__c} Nothing to delete.
[01:02:48.29] {SBQQ__LookupQuery__c} Deleting old sObject data from the Target.
[01:02:48.134] {SBQQ__LookupQuery__c} Nothing to delete.
[01:02:48.135] {SBQQ__LookupData__c} Deleting old sObject data from the Target.
[01:02:48.233] {SBQQ__LookupData__c} Nothing to delete.
[01:02:48.234] {SBQQ__LineColumn__c} Deleting old sObject data from the Target.
[01:02:48.331] {SBQQ__LineColumn__c} Nothing to delete.
[01:02:48.332] {SBQQ__CustomAction__c} Deleting old sObject data from the Target.
[01:02:48.433] {SBQQ__CustomAction__c} Nothing to delete.
[01:02:48.434] Deleting old data from the Target was skipped.

[01:02:48.436] RETRIEVING THE DATA STEP 1...
[01:02:48.438] {SBQQ__CustomAction__c} Retrieving the SOURCE data from Org (STEP 1: all records)...
[01:02:48.440] {SBQQ__CustomAction__c} Query string: SELECT Id, Name  FROM  SBQQ__CustomAction__c.
[01:02:48.577] {SBQQ__CustomAction__c} Retrieving the SOURCE data has been completed. Fetched 38 new records.
[01:02:48.578] {SBQQ__LineColumn__c} Retrieving the SOURCE data from Org (STEP 1: all records)...
[01:02:48.579] {SBQQ__LineColumn__c} Query string: SELECT Id, Name  FROM  SBQQ__LineColumn__c.
[01:02:48.771] {SBQQ__LineColumn__c} Retrieving the SOURCE data has been completed. Fetched 107 new records.
[01:02:48.772] {SBQQ__LookupData__c} Retrieving the SOURCE data from Org (STEP 1: all records)...
[01:02:48.772] {SBQQ__LookupData__c} Query string: SELECT Id, Name  FROM  SBQQ__LookupData__c.
[01:02:48.916] {SBQQ__LookupData__c} Retrieving the SOURCE data has been completed. Fetched 0 new records.
[01:02:48.916] {SBQQ__LookupQuery__c} Retrieving the SOURCE data from Org (STEP 1: all records)...
[01:02:48.917] {SBQQ__LookupQuery__c} Query string: SELECT Id, Name  FROM  SBQQ__LookupQuery__c.
[01:02:49.50] {SBQQ__LookupQuery__c} Retrieving the SOURCE data has been completed. Fetched 64 new records.
[01:02:49.51] {SBQQ__PriceAction__c} Retrieving the SOURCE data from Org (STEP 1: all records)...
[01:02:49.52] {SBQQ__PriceAction__c} Query string: SELECT Id, Name  FROM  SBQQ__PriceAction__c.
[01:02:49.195] {SBQQ__PriceAction__c} Retrieving the SOURCE data has been completed. Fetched 166 new records.
[01:02:49.196] {SBQQ__PriceCondition__c} Retrieving the SOURCE data from Org (STEP 1: all records)...
[01:02:49.196] {SBQQ__PriceCondition__c} Query string: SELECT Id, Name  FROM  SBQQ__PriceCondition__c.
[01:02:49.346] {SBQQ__PriceCondition__c} Retrieving the SOURCE data has been completed. Fetched 67 new records.
[01:02:49.346] {SBQQ__PriceRule__c} Retrieving the SOURCE data from Org (STEP 1: all records)...
[01:02:49.348] {SBQQ__PriceRule__c} Query string: SELECT Id, Name  FROM  SBQQ__PriceRule__c.
[01:02:49.480] {SBQQ__PriceRule__c} Retrieving the SOURCE data has been completed. Fetched 37 new records.
[01:02:49.481] {SBQQ__QuoteTemplate__c} Retrieving the SOURCE data from Org (STEP 1: all records)...
[01:02:49.481] {SBQQ__QuoteTemplate__c} Query string: SELECT Id, Name  FROM  SBQQ__QuoteTemplate__c.
[01:02:49.604] {SBQQ__QuoteTemplate__c} Retrieving the SOURCE data has been completed. Fetched 7 new records.
[01:02:49.605] {SBQQ__SearchFilter__c} Retrieving the SOURCE data from Org (STEP 1: all records)...
[01:02:49.605] {SBQQ__SearchFilter__c} Query string: SELECT Id, Name  FROM  SBQQ__SearchFilter__c.
[01:02:49.741] {SBQQ__SearchFilter__c} Retrieving the SOURCE data has been completed. Fetched 13 new records.
[01:02:49.742] {SBQQ__SearchIndex__c} Retrieving the SOURCE data from Org (STEP 1: all records)...
[01:02:49.742] {SBQQ__SearchIndex__c} Query string: SELECT Id, Name  FROM  SBQQ__SearchIndex__c.
[01:02:49.945] {SBQQ__SearchIndex__c} Retrieving the SOURCE data has been completed. Fetched 0 new records.
[01:02:49.946] {SBQQ__TemplateContent__c} Retrieving the SOURCE data from Org (STEP 1: all records)...
[01:02:49.947] {SBQQ__TemplateContent__c} Query string: SELECT Id, Name  FROM  SBQQ__TemplateContent__c.
[01:02:50.98] {SBQQ__TemplateContent__c} Retrieving the SOURCE data has been completed. Fetched 70 new records.
[01:02:50.99] {SBQQ__TemplateSection__c} Retrieving the SOURCE data from Org (STEP 1: all records)...
[01:02:50.99] {SBQQ__TemplateSection__c} Query string: SELECT Id, Name  FROM  SBQQ__TemplateSection__c.
[01:02:50.284] {SBQQ__TemplateSection__c} Retrieving the SOURCE data has been completed. Fetched 86 new records.
[01:02:50.285] Retrieving the data STEP 1 has been completed.

[01:02:50.286] RETRIEVING THE DATA STEP 2...
[01:02:50.286] PASS 1
[01:02:50.286] =============
[01:02:50.287] No records

[01:02:50.288] PASS 2
[01:02:50.288] =============
[01:02:50.288] No records

[01:02:50.289] PASS 3
[01:02:50.290] =============
[01:02:50.291] No records

[01:02:50.292] PASS 4
[01:02:50.292] =============
[01:02:50.293] No records

[01:02:50.294] TARGET
[01:02:50.295] =============
[01:02:50.295] No records
[01:02:50.296] Retrieving the data STEP 2 has been completed.

[01:02:50.297] DATA RETRIEVING SUMMARY
[01:02:50.298] {SBQQ__CustomAction__c} Total retrieved within all steps (source/target): 38/0 records.
[01:02:50.298] {SBQQ__LineColumn__c} Total retrieved within all steps (source/target): 107/0 records.
[01:02:50.299] {SBQQ__LookupData__c} Total retrieved within all steps (source/target): 0/0 records.
[01:02:50.299] {SBQQ__LookupQuery__c} Total retrieved within all steps (source/target): 64/0 records.
[01:02:50.300] {SBQQ__PriceAction__c} Total retrieved within all steps (source/target): 166/0 records.
[01:02:50.301] {SBQQ__PriceCondition__c} Total retrieved within all steps (source/target): 67/0 records.
[01:02:50.301] {SBQQ__PriceRule__c} Total retrieved within all steps (source/target): 37/0 records.
[01:02:50.302] {SBQQ__QuoteTemplate__c} Total retrieved within all steps (source/target): 7/0 records.
[01:02:50.302] {SBQQ__SearchFilter__c} Total retrieved within all steps (source/target): 13/0 records.
[01:02:50.303] {SBQQ__SearchIndex__c} Total retrieved within all steps (source/target): 0/0 records.
[01:02:50.303] {SBQQ__TemplateContent__c} Total retrieved within all steps (source/target): 70/0 records.
[01:02:50.304] {SBQQ__TemplateSection__c} Total retrieved within all steps (source/target): 86/0 records.

[01:02:50.305] UPDATING THE TARGET STEP 1...
[01:02:50.307] {SBQQ__CustomAction__c} Number of records to Insert: 38.
[01:02:50.309] {SBQQ__CustomAction__c} The Insert API operation has been started using REST API.
[01:02:50.310] [Job# REST:Insert] {SBQQ__CustomAction__c} The job has been created.
[01:03:09.979][WARN] [Batch# REST:Insert] {SBQQ__CustomAction__c} Incompleted. 0 records succeeded, 38 records failed.
[01:03:09.980] {SBQQ__CustomAction__c} The Insert API operation has been finished.
[01:03:09.985] {SBQQ__CustomAction__c} Updating the Target has been completed. Processed 38 records.
[01:03:09.986] {SBQQ__LineColumn__c} Number of records to Insert: 107.
[01:03:09.987] {SBQQ__LineColumn__c} The Insert API operation has been started using REST API.
[01:03:09.988] [Job# REST:Insert] {SBQQ__LineColumn__c} The job has been created.
[01:03:15.73][WARN] [Batch# REST:Insert] {SBQQ__LineColumn__c} Incompleted. 0 records succeeded, 107 records failed.
[01:03:15.74] {SBQQ__LineColumn__c} The Insert API operation has been finished.
[01:03:15.78] {SBQQ__LineColumn__c} Updating the Target has been completed. Processed 107 records.
[01:03:15.80] {SBQQ__PriceRule__c} Number of records to Insert: 37.
[01:03:15.81] {SBQQ__PriceRule__c} The Insert API operation has been started using REST API.
[01:03:15.81] [Job# REST:Insert] {SBQQ__PriceRule__c} The job has been created.
[01:03:24.38] {SBQQ__PriceRule__c} The Insert API operation has been finished.
[01:03:24.41] {SBQQ__PriceRule__c} Updating the Target has been completed. Processed 37 records.
[01:03:24.42] {SBQQ__QuoteTemplate__c} Number of records to Insert: 7.
[01:03:24.43] {SBQQ__QuoteTemplate__c} The Insert API operation has been started using REST API.
[01:03:24.44] [Job# REST:Insert] {SBQQ__QuoteTemplate__c} The job has been created.
[01:03:28.578][WARN] [Batch# REST:Insert] {SBQQ__QuoteTemplate__c} Incompleted. 0 records succeeded, 7 records failed.
[01:03:28.579] {SBQQ__QuoteTemplate__c} The Insert API operation has been finished.
[01:03:28.581] {SBQQ__QuoteTemplate__c} Updating the Target has been completed. Processed 7 records.
[01:03:28.585] {SBQQ__SearchFilter__c} Number of records to Insert: 13.
[01:03:28.586] {SBQQ__SearchFilter__c} The Insert API operation has been started using REST API.
[01:03:28.586] [Job# REST:Insert] {SBQQ__SearchFilter__c} The job has been created.
[01:03:28.737][WARN] [Batch# REST:Insert] {SBQQ__SearchFilter__c} Incompleted. 0 records succeeded, 13 records failed.
[01:03:28.738] {SBQQ__SearchFilter__c} The Insert API operation has been finished.
[01:03:28.739] {SBQQ__SearchFilter__c} Updating the Target has been completed. Processed 13 records.
[01:03:28.740] {SBQQ__TemplateContent__c} Number of records to Insert: 70.
[01:03:28.741] {SBQQ__TemplateContent__c} The Insert API operation has been started using REST API.
[01:03:28.742] [Job# REST:Insert] {SBQQ__TemplateContent__c} The job has been created.
[01:03:33.160][WARN] [Batch# REST:Insert] {SBQQ__TemplateContent__c} Incompleted. 0 records succeeded, 70 records failed.
[01:03:33.161] {SBQQ__TemplateContent__c} The Insert API operation has been finished.
[01:03:33.164] {SBQQ__TemplateContent__c} Updating the Target has been completed. Processed 70 records.
[01:03:33.167] {SBQQ__TemplateSection__c} Number of records to Insert: 86.
[01:03:33.167] {SBQQ__TemplateSection__c} The Insert API operation has been started using REST API.
[01:03:33.168] [Job# REST:Insert] {SBQQ__TemplateSection__c} The job has been created.
[01:03:36.486][WARN] [Batch# REST:Insert] {SBQQ__TemplateSection__c} Incompleted. 0 records succeeded, 86 records failed.
[01:03:36.487] {SBQQ__TemplateSection__c} The Insert API operation has been finished.
[01:03:36.491] {SBQQ__TemplateSection__c} Updating the Target has been completed. Processed 86 records.
[01:03:36.492] Updating the Target (STEP 1) has been completed. Total processed 358 records.

[01:03:36.495] UPDATING THE TARGET STEP 2...
[01:03:36.496] Nothing was updated

[01:03:36.498] DATA PROCESSING SUMMARY
[01:03:36.499] {SBQQ__CustomAction__c} Total processed within all steps (inserted + updated): 38 records
[01:03:36.500] {SBQQ__LineColumn__c} Total processed within all steps (inserted + updated): 107 records
[01:03:36.500] {SBQQ__LookupData__c} Total processed within all steps (inserted + updated): 0 records
[01:03:36.501] {SBQQ__LookupQuery__c} Total processed within all steps (inserted + updated): 0 records
[01:03:36.502] {SBQQ__PriceAction__c} Total processed within all steps (inserted + updated): 0 records
[01:03:36.502] {SBQQ__PriceCondition__c} Total processed within all steps (inserted + updated): 0 records
[01:03:36.503] {SBQQ__PriceRule__c} Total processed within all steps (inserted + updated): 37 records
[01:03:36.504] {SBQQ__QuoteTemplate__c} Total processed within all steps (inserted + updated): 7 records
[01:03:36.504] {SBQQ__SearchFilter__c} Total processed within all steps (inserted + updated): 13 records
[01:03:36.505] {SBQQ__SearchIndex__c} Total processed within all steps (inserted + updated): 0 records
[01:03:36.505] {SBQQ__TemplateContent__c} Total processed within all steps (inserted + updated): 70 records
[01:03:36.505] {SBQQ__TemplateSection__c} Total processed within all steps (inserted + updated): 86 records

[01:03:36.507] Writing to /Users/jburgers/Documents/SFDMU/data/jburgers-salesforce-com/SBQQ/MissingParentRecordsReport.csv...

[01:03:36.508] Command succeeded.
[01:03:36.509] Execution of the command sfdmu:run has been finished. Exit code 0 (SUCCESS).
[01:03:36.510] Total time elapsed: 00h 01m 07s 275ms .