
[00:54:09.862] Execution of the command sfdmu:run has been started.

[00:54:09.868] LOADING AND VALIDATING THE PACKAGE SCRIPT...
[00:54:10.87] sObject RecordType will be excluded from the process.
[00:54:10.244] Connecting to jburgers@imcdgroup.com.uat using SFDX CLI...
[00:54:15.709] Successfully connected to jburgers@imcdgroup.com.uat.
[00:54:15.710] Connecting to jburgers@imcdgroup.com.dmpoc using SFDX CLI...
[00:54:19.833] Successfully connected to jburgers@imcdgroup.com.dmpoc.
[00:54:19.846] {"SOURCE":"jburgers@imcdgroup.com.uat.","TARGET":"jburgers@imcdgroup.com.dmpoc.","Package script":"/Users/jburgers/Documents/SFDMU/data/jburgers-salesforce-com/SBQQ/export.json."}

[00:54:19.848] GETTING AND ANALYSING OBJECTS METADATA...
[00:54:19.848] Processing the sObject SBQQ__CustomAction__c...
[00:54:19.849] Getting metadata for SBQQ__CustomAction__c (SOURCE)
[00:54:20.338] Getting metadata for SBQQ__CustomAction__c (TARGET)
[00:54:20.664] Processing the sObject SBQQ__LineColumn__c...
[00:54:20.665] Getting metadata for SBQQ__LineColumn__c (SOURCE)
[00:54:20.869] Getting metadata for SBQQ__LineColumn__c (TARGET)
[00:54:21.114] Processing the sObject SBQQ__LookupData__c...
[00:54:21.115] Getting metadata for SBQQ__LookupData__c (SOURCE)
[00:54:21.337] Getting metadata for SBQQ__LookupData__c (TARGET)
[00:54:21.529] Processing the sObject SBQQ__LookupQuery__c...
[00:54:21.530] Getting metadata for SBQQ__LookupQuery__c (SOURCE)
[00:54:21.744] Getting metadata for SBQQ__LookupQuery__c (TARGET)
[00:54:21.983] Processing the sObject SBQQ__PriceAction__c...
[00:54:21.984] Getting metadata for SBQQ__PriceAction__c (SOURCE)
[00:54:22.206] Getting metadata for SBQQ__PriceAction__c (TARGET)
[00:54:22.464] Processing the sObject SBQQ__PriceCondition__c...
[00:54:22.464] Getting metadata for SBQQ__PriceCondition__c (SOURCE)
[00:54:22.686] Getting metadata for SBQQ__PriceCondition__c (TARGET)
[00:54:22.856] Processing the sObject SBQQ__PriceRule__c...
[00:54:22.856] Getting metadata for SBQQ__PriceRule__c (SOURCE)
[00:54:23.72] Getting metadata for SBQQ__PriceRule__c (TARGET)
[00:54:23.298] Processing the sObject SBQQ__QuoteTemplate__c...
[00:54:23.298] Getting metadata for SBQQ__QuoteTemplate__c (SOURCE)
[00:54:23.577] Getting metadata for SBQQ__QuoteTemplate__c (TARGET)
[00:54:23.904] Processing the sObject SBQQ__SearchFilter__c...
[00:54:23.905] Getting metadata for SBQQ__SearchFilter__c (SOURCE)
[00:54:24.98] Getting metadata for SBQQ__SearchFilter__c (TARGET)
[00:54:24.317] Processing the sObject SBQQ__SearchIndex__c...
[00:54:24.317] Getting metadata for SBQQ__SearchIndex__c (SOURCE)
[00:54:24.747] Getting metadata for SBQQ__SearchIndex__c (TARGET)
[00:54:24.949] Processing the sObject SBQQ__TemplateContent__c...
[00:54:24.950] Getting metadata for SBQQ__TemplateContent__c (SOURCE)
[00:54:25.214] Getting metadata for SBQQ__TemplateContent__c (TARGET)
[00:54:25.441] Processing the sObject SBQQ__TemplateSection__c...
[00:54:25.442] Getting metadata for SBQQ__TemplateSection__c (SOURCE)
[00:54:25.692] Getting metadata for SBQQ__TemplateSection__c (TARGET)
[00:54:25.910] Processing the sObject SBQQ__ConfigurationAttribute__c...
[00:54:25.911] Getting metadata for SBQQ__ConfigurationAttribute__c (SOURCE)
[00:54:26.113] Getting metadata for SBQQ__ConfigurationAttribute__c (TARGET)
[00:54:26.299] Processing the sObject SBQQ__Localization__c...
[00:54:26.302] Getting metadata for SBQQ__Localization__c (SOURCE)
[00:54:26.546] Getting metadata for SBQQ__Localization__c (TARGET)
[00:54:26.771] Processing the sObject SBQQ__ProductRule__c...
[00:54:26.772] Getting metadata for SBQQ__ProductRule__c (SOURCE)
[00:54:26.962] Getting metadata for SBQQ__ProductRule__c (TARGET)
[00:54:27.169] Processing the sObject SBQQ__SummaryVariable__c...
[00:54:27.170] Getting metadata for SBQQ__SummaryVariable__c (SOURCE)
[00:54:27.441] Getting metadata for SBQQ__SummaryVariable__c (TARGET)
[00:54:27.641] Processing the sObject SBQQ__Dimension__c...
[00:54:27.641] Getting metadata for SBQQ__Dimension__c (SOURCE)
[00:54:27.860] Getting metadata for SBQQ__Dimension__c (TARGET)
[00:54:28.141] Processing the sObject SBQQ__ProductFeature__c...
[00:54:28.142] Getting metadata for SBQQ__ProductFeature__c (SOURCE)
[00:54:28.439] Getting metadata for SBQQ__ProductFeature__c (TARGET)
[00:54:28.664] Processing the sObject SBQQ__ProductOption__c...
[00:54:28.665] Getting metadata for SBQQ__ProductOption__c (SOURCE)
[00:54:28.921] Getting metadata for SBQQ__ProductOption__c (TARGET)
[00:54:29.163] Processing the sObject SBQQ__QuoteTerm__c...
[00:54:29.164] Getting metadata for SBQQ__QuoteTerm__c (SOURCE)
[00:54:29.425] Getting metadata for SBQQ__QuoteTerm__c (TARGET)
[00:54:29.638] Processing the sObject SBQQ__QuoteTerm__c...
[00:54:29.640] Getting metadata for SBQQ__Quote__c (SOURCE)
[00:54:30.619] Getting metadata for SBQQ__Quote__c (TARGET)
[00:54:31.550] Processing the sObject SBQQ__ProductOption__c...
[00:54:31.552] Getting metadata for Product2 (SOURCE)
[00:54:32.121] Getting metadata for Product2 (TARGET)
[00:54:32.852] Getting metadata for SBQQ__DiscountSchedule__c (SOURCE)
[00:54:33.163] Getting metadata for SBQQ__DiscountSchedule__c (TARGET)
[00:54:33.604] Processing the sObject SBQQ__ProductFeature__c...
[00:54:33.605] Processing the sObject SBQQ__Dimension__c...
[00:54:33.606] Getting metadata for Pricebook2 (SOURCE)
[00:54:34.131] Getting metadata for Pricebook2 (TARGET)
[00:54:34.591] Processing the sObject SBQQ__SummaryVariable__c...
[00:54:34.592] Processing the sObject SBQQ__ProductRule__c...
[00:54:34.593] Processing the sObject SBQQ__Localization__c...
[00:54:34.595] Processing the sObject SBQQ__ConfigurationAttribute__c...
[00:54:34.622] Getting metadata for RecordType (SOURCE)
[00:54:34.895] Getting metadata for RecordType (TARGET)
[00:54:35.223] Processing the sObject SBQQ__TemplateSection__c...
[00:54:35.225] Processing the sObject SBQQ__TemplateContent__c...
[00:54:35.225] Processing the sObject SBQQ__SearchIndex__c...
[00:54:35.226] Processing the sObject SBQQ__SearchFilter__c...
[00:54:35.227] Processing the sObject SBQQ__QuoteTemplate__c...
[00:54:35.234] Processing the sObject SBQQ__PriceRule__c...
[00:54:35.235] Processing the sObject SBQQ__PriceCondition__c...
[00:54:35.236] Processing the sObject SBQQ__PriceAction__c...
[00:54:35.236] Processing the sObject SBQQ__LookupQuery__c...
[00:54:35.237] Processing the sObject SBQQ__LookupData__c...
[00:54:35.238] Processing the sObject SBQQ__LineColumn__c...
[00:54:35.240] Processing the sObject SBQQ__CustomAction__c...

[00:54:35.244] PREPARING DATA MIGRATION JOB...
[00:54:35.245] Building migration strategy...
[00:54:35.253] {"Order of objects to retrieve data":"RecordType; SBQQ__CustomAction__c; SBQQ__TemplateContent__c; SBQQ__QuoteTemplate__c; SBQQ__TemplateSection__c; SBQQ__LineColumn__c; SBQQ__LookupData__c; SBQQ__ProductFeature__c; SBQQ__ConfigurationAttribute__c; SBQQ__ProductRule__c; SBQQ__LookupQuery__c; SBQQ__SummaryVariable__c; SBQQ__PriceAction__c; SBQQ__PriceCondition__c; SBQQ__SearchFilter__c; SBQQ__Dimension__c; SBQQ__ProductOption__c; SBQQ__QuoteTerm__c; SBQQ__Localization__c; SBQQ__SearchIndex__c; Pricebook2; SBQQ__DiscountSchedule__c; Product2; SBQQ__Quote__c; SBQQ__PriceRule__c"}
[00:54:35.254] {"Order of objects to update data":"RecordType; Pricebook2; SBQQ__DiscountSchedule__c; Product2; SBQQ__Quote__c; SBQQ__CustomAction__c; SBQQ__TemplateContent__c; SBQQ__QuoteTemplate__c; SBQQ__TemplateSection__c; SBQQ__LineColumn__c; SBQQ__LookupData__c; SBQQ__PriceRule__c; SBQQ__ProductFeature__c; SBQQ__ConfigurationAttribute__c; SBQQ__ProductRule__c; SBQQ__LookupQuery__c; SBQQ__SummaryVariable__c; SBQQ__PriceAction__c; SBQQ__PriceCondition__c; SBQQ__SearchFilter__c; SBQQ__Dimension__c; SBQQ__ProductOption__c; SBQQ__QuoteTerm__c; SBQQ__Localization__c; SBQQ__SearchIndex__c"}

[00:54:35.256] GETTING THE TOTAL AMOUNT OF RECORDS LIMITED BY THE OBJECT'S SOQL QUERY...
[00:54:35.418] {RecordType} Total amount of the SOURCE records: 2
[00:54:35.580] {RecordType} Total amount of the TARGET records: 2
[00:54:35.690] {Pricebook2} Total amount of the SOURCE records: 52
[00:54:35.885] {Pricebook2} Total amount of the TARGET records: 52
[00:54:35.988] {SBQQ__DiscountSchedule__c} Total amount of the SOURCE records: 0
[00:54:36.93] {SBQQ__DiscountSchedule__c} Total amount of the TARGET records: 0
[00:54:36.386] {Product2} Total amount of the SOURCE records: 215818
[00:54:36.618] {Product2} Total amount of the TARGET records: 216977
[00:54:55.10] {SBQQ__Quote__c} Total amount of the SOURCE records: 505121
[00:54:55.196] {SBQQ__Quote__c} Total amount of the TARGET records: 0
[00:54:55.415] {SBQQ__CustomAction__c} Total amount of the SOURCE records: 38
[00:54:55.545] {SBQQ__CustomAction__c} Total amount of the TARGET records: 38
[00:54:55.659] {SBQQ__TemplateContent__c} Total amount of the SOURCE records: 70
[00:54:55.812] {SBQQ__TemplateContent__c} Total amount of the TARGET records: 70
[00:54:55.924] {SBQQ__QuoteTemplate__c} Total amount of the SOURCE records: 7
[00:54:56.92] {SBQQ__QuoteTemplate__c} Total amount of the TARGET records: 7
[00:54:56.190] {SBQQ__TemplateSection__c} Total amount of the SOURCE records: 86
[00:54:56.349] {SBQQ__TemplateSection__c} Total amount of the TARGET records: 86
[00:54:56.522] {SBQQ__LineColumn__c} Total amount of the SOURCE records: 107
[00:54:56.636] {SBQQ__LineColumn__c} Total amount of the TARGET records: 149
[00:54:56.743] {SBQQ__LookupData__c} Total amount of the SOURCE records: 0
[00:54:56.884] {SBQQ__LookupData__c} Total amount of the TARGET records: 0
[00:54:57.12] {SBQQ__PriceRule__c} Total amount of the SOURCE records: 37
[00:54:57.163] {SBQQ__PriceRule__c} Total amount of the TARGET records: 37
[00:54:57.313] {SBQQ__ProductFeature__c} Total amount of the SOURCE records: 0
[00:54:57.537] {SBQQ__ProductFeature__c} Total amount of the TARGET records: 0
[00:54:57.634] {SBQQ__ConfigurationAttribute__c} Total amount of the SOURCE records: 0
[00:54:57.738] {SBQQ__ConfigurationAttribute__c} Total amount of the TARGET records: 0
[00:54:57.861] {SBQQ__ProductRule__c} Total amount of the SOURCE records: 0
[00:54:57.987] {SBQQ__ProductRule__c} Total amount of the TARGET records: 0
[00:54:58.116] {SBQQ__LookupQuery__c} Total amount of the SOURCE records: 64
[00:54:58.264] {SBQQ__LookupQuery__c} Total amount of the TARGET records: 64
[00:54:58.437] {SBQQ__SummaryVariable__c} Total amount of the SOURCE records: 0
[00:54:58.541] {SBQQ__SummaryVariable__c} Total amount of the TARGET records: 0
[00:54:58.670] {SBQQ__PriceAction__c} Total amount of the SOURCE records: 166
[00:54:58.799] {SBQQ__PriceAction__c} Total amount of the TARGET records: 166
[00:54:58.912] {SBQQ__PriceCondition__c} Total amount of the SOURCE records: 67
[00:54:59.17] {SBQQ__PriceCondition__c} Total amount of the TARGET records: 0
[00:54:59.122] {SBQQ__SearchFilter__c} Total amount of the SOURCE records: 13
[00:54:59.232] {SBQQ__SearchFilter__c} Total amount of the TARGET records: 13
[00:54:59.879] {SBQQ__Dimension__c} Total amount of the SOURCE records: 0
[00:55:00.4] {SBQQ__Dimension__c} Total amount of the TARGET records: 0
[00:55:00.104] {SBQQ__ProductOption__c} Total amount of the SOURCE records: 0
[00:55:00.221] {SBQQ__ProductOption__c} Total amount of the TARGET records: 0
[00:55:00.332] {SBQQ__QuoteTerm__c} Total amount of the SOURCE records: 72
[00:55:00.481] {SBQQ__QuoteTerm__c} Total amount of the TARGET records: 0
[00:55:00.599] {SBQQ__Localization__c} Total amount of the SOURCE records: 1384
[00:55:00.711] {SBQQ__Localization__c} Total amount of the TARGET records: 0
[00:55:00.816] {SBQQ__SearchIndex__c} Total amount of the SOURCE records: 0
[00:55:00.943] {SBQQ__SearchIndex__c} Total amount of the TARGET records: 0

[00:55:00.945] DELETING OLD DATA FROM THE TARGET...
[00:55:00.945] {SBQQ__SearchIndex__c} Deleting old sObject data from the Target.
[00:55:01.63] {SBQQ__SearchIndex__c} Nothing to delete.
[00:55:01.64] {SBQQ__Localization__c} Deleting old sObject data from the Target.
[00:55:01.176] {SBQQ__Localization__c} Nothing to delete.
[00:55:01.177] {SBQQ__QuoteTerm__c} Deleting old sObject data from the Target.
[00:55:01.281] {SBQQ__QuoteTerm__c} Nothing to delete.
[00:55:01.282] {SBQQ__ProductOption__c} Deleting old sObject data from the Target.
[00:55:01.396] {SBQQ__ProductOption__c} Nothing to delete.
[00:55:01.397] {SBQQ__Dimension__c} Deleting old sObject data from the Target.
[00:55:01.513] {SBQQ__Dimension__c} Nothing to delete.
[00:55:01.514] {SBQQ__SearchFilter__c} Deleting old sObject data from the Target.
[00:55:01.639] {SBQQ__SearchFilter__c} Number of records to Delete: 13.
[00:55:01.641] {SBQQ__SearchFilter__c} The Delete API operation has been started using REST API.
[00:55:01.641] [Job# REST:Delete] {SBQQ__SearchFilter__c} The job has been created.
[00:55:02.131] {SBQQ__SearchFilter__c} The Delete API operation has been finished.
[00:55:02.136] {SBQQ__SearchFilter__c} Deleting old sObject data from the Target has been completed.
[00:55:02.136] {SBQQ__PriceCondition__c} Deleting old sObject data from the Target.
[00:55:02.242] {SBQQ__PriceCondition__c} Nothing to delete.
[00:55:02.242] {SBQQ__PriceAction__c} Deleting old sObject data from the Target.
[00:55:02.599] {SBQQ__PriceAction__c} Number of records to Delete: 166.
[00:55:02.600] {SBQQ__PriceAction__c} The Delete API operation has been started using REST API.
[00:55:02.601] [Job# REST:Delete] {SBQQ__PriceAction__c} The job has been created.
[00:55:04.291] {SBQQ__PriceAction__c} The Delete API operation has been finished.
[00:55:04.293] {SBQQ__PriceAction__c} Deleting old sObject data from the Target has been completed.
[00:55:04.294] {SBQQ__SummaryVariable__c} Deleting old sObject data from the Target.
[00:55:04.471] {SBQQ__SummaryVariable__c} Nothing to delete.
[00:55:04.471] {SBQQ__LookupQuery__c} Deleting old sObject data from the Target.
[00:55:04.588] {SBQQ__LookupQuery__c} Number of records to Delete: 64.
[00:55:04.589] {SBQQ__LookupQuery__c} The Delete API operation has been started using REST API.
[00:55:04.589] [Job# REST:Delete] {SBQQ__LookupQuery__c} The job has been created.
[00:55:05.164] {SBQQ__LookupQuery__c} The Delete API operation has been finished.
[00:55:05.165] {SBQQ__LookupQuery__c} Deleting old sObject data from the Target has been completed.
[00:55:05.166] {SBQQ__ProductRule__c} Deleting old sObject data from the Target.
[00:55:05.297] {SBQQ__ProductRule__c} Nothing to delete.
[00:55:05.298] {SBQQ__ConfigurationAttribute__c} Deleting old sObject data from the Target.
[00:55:05.416] {SBQQ__ConfigurationAttribute__c} Nothing to delete.
[00:55:05.417] {SBQQ__ProductFeature__c} Deleting old sObject data from the Target.
[00:55:05.535] {SBQQ__ProductFeature__c} Nothing to delete.
[00:55:05.536] {SBQQ__PriceRule__c} Deleting old sObject data from the Target.
[00:55:05.647] {SBQQ__PriceRule__c} Number of records to Delete: 37.
[00:55:05.647] {SBQQ__PriceRule__c} The Delete API operation has been started using REST API.
[00:55:05.648] [Job# REST:Delete] {SBQQ__PriceRule__c} The job has been created.
[00:55:07.168] {SBQQ__PriceRule__c} The Delete API operation has been finished.
[00:55:07.170] {SBQQ__PriceRule__c} Deleting old sObject data from the Target has been completed.
[00:55:07.171] {SBQQ__LookupData__c} Deleting old sObject data from the Target.
[00:55:07.296] {SBQQ__LookupData__c} Nothing to delete.
[00:55:07.297] {SBQQ__LineColumn__c} Deleting old sObject data from the Target.
[00:55:07.441] {SBQQ__LineColumn__c} Number of records to Delete: 149.
[00:55:07.442] {SBQQ__LineColumn__c} The Delete API operation has been started using REST API.
[00:55:07.443] [Job# REST:Delete] {SBQQ__LineColumn__c} The job has been created.
[00:55:08.717] {SBQQ__LineColumn__c} The Delete API operation has been finished.
[00:55:08.720] {SBQQ__LineColumn__c} Deleting old sObject data from the Target has been completed.
[00:55:08.720] {SBQQ__TemplateSection__c} Nothing to delete.
[00:55:08.721] {SBQQ__QuoteTemplate__c} Deleting old sObject data from the Target.
[00:55:08.830] {SBQQ__QuoteTemplate__c} Number of records to Delete: 7.
[00:55:08.830] {SBQQ__QuoteTemplate__c} The Delete API operation has been started using REST API.
[00:55:08.831] [Job# REST:Delete] {SBQQ__QuoteTemplate__c} The job has been created.
[00:55:10.713] {SBQQ__QuoteTemplate__c} The Delete API operation has been finished.
[00:55:10.716] {SBQQ__QuoteTemplate__c} Deleting old sObject data from the Target has been completed.
[00:55:10.717] {SBQQ__TemplateContent__c} Deleting old sObject data from the Target.
[00:55:10.851] {SBQQ__TemplateContent__c} Number of records to Delete: 70.
[00:55:10.852] {SBQQ__TemplateContent__c} The Delete API operation has been started using REST API.
[00:55:10.853] [Job# REST:Delete] {SBQQ__TemplateContent__c} The job has been created.
[00:55:13.268] {SBQQ__TemplateContent__c} The Delete API operation has been finished.
[00:55:13.270] {SBQQ__TemplateContent__c} Deleting old sObject data from the Target has been completed.
[00:55:13.270] {SBQQ__CustomAction__c} Deleting old sObject data from the Target.
[00:55:13.396] {SBQQ__CustomAction__c} Number of records to Delete: 38.
[00:55:13.397] {SBQQ__CustomAction__c} The Delete API operation has been started using REST API.
[00:55:13.398] [Job# REST:Delete] {SBQQ__CustomAction__c} The job has been created.
[00:55:14.244] {SBQQ__CustomAction__c} The Delete API operation has been finished.
[00:55:14.246] {SBQQ__CustomAction__c} Deleting old sObject data from the Target has been completed.
[00:55:14.246] {SBQQ__Quote__c} Nothing to delete.
[00:55:14.247] {Product2} Nothing to delete.
[00:55:14.247] {SBQQ__DiscountSchedule__c} Nothing to delete.
[00:55:14.248] {Pricebook2} Nothing to delete.
[00:55:14.248] {RecordType} Nothing to delete.
[00:55:14.248] Deleting old data from the Target has been completed.

[00:55:14.250] RETRIEVING THE DATA STEP 1...
[00:55:14.251] {RecordType} Retrieving the SOURCE data from Org (STEP 1: all records)...
[00:55:14.251] {RecordType} Query string: SELECT Id, DeveloperName, SobjectType  FROM  RecordType WHERE (SobjectType IN ('SBQQ__ConfigurationAttribute__c')) ORDER BY SobjectType ASC.
[00:55:14.432] {RecordType} Retrieving the SOURCE data has been completed. Fetched 2 new records.
[00:55:14.433] {SBQQ__CustomAction__c} Retrieving the SOURCE data from Org (STEP 1: all records)...
[00:55:14.434] {SBQQ__CustomAction__c} Query string: SELECT Id, SBQQ__ParentCustomAction__c, CurrencyIsoCode, Name, SBQQ__Action__c, SBQQ__Active__c, SBQQ__BrandButton__c, SBQQ__Class__c, SBQQ__ConditionsMet__c, SBQQ__Default__c, SBQQ__Description__c, SBQQ__DisplayOrder__c, SBQQ__EventHandlerName__c, S... FROM  SBQQ__CustomAction__c.
[00:55:14.647] {SBQQ__CustomAction__c} Retrieving the SOURCE data has been completed. Fetched 38 new records.
[00:55:14.648] {SBQQ__CustomAction__c} Retrieving self-referenced lookup records from SOURCE...
[00:55:14.649] {SBQQ__CustomAction__c} Query string: SELECT Id, SBQQ__ParentCustomAction__c, CurrencyIsoCode, Name, SBQQ__Action__c, SBQQ__Active__c, SBQQ__BrandButton__c, SBQQ__Class__c, SBQQ__ConditionsMet__c, SBQQ__Default__c, SBQQ__Description__c, SBQQ__DisplayOrder__c, SBQQ__EventHandlerName__c, S... FROM  SBQQ__CustomAction__c WHERE Id IN ('a0E0O000018ZiL2UAK').
[00:55:14.848] {SBQQ__CustomAction__c} Retrieving the SOURCE data has been completed. Fetched 0 new records.
[00:55:14.848] {SBQQ__TemplateContent__c} Retrieving the SOURCE data from Org (STEP 1: all records)...
[00:55:14.849] {SBQQ__TemplateContent__c} Query string: SELECT Id, CurrencyIsoCode, Name, SBQQ__CustomSource__c, SBQQ__FontFamily__c, SBQQ__FontSize__c, SBQQ__Markup__c, SBQQ__RawMarkup__c, SBQQ__TableStyle__c, SBQQ__TextColor__c, SBQQ__Type__c, Key__c  FROM  SBQQ__TemplateContent__c.
[00:55:15.84] {SBQQ__TemplateContent__c} Retrieving the SOURCE data has been completed. Fetched 70 new records.
[00:55:15.86] {SBQQ__QuoteTemplate__c} Retrieving the SOURCE data from Org (STEP 1: all records)...
[00:55:15.86] {SBQQ__QuoteTemplate__c} Query string: SELECT Id, SBQQ__FooterContent__c, SBQQ__HeaderContent__c, CurrencyIsoCode, Name, SBQQ__AllPackageProductsShown__c, SBQQ__BillToTitle__c, SBQQ__BorderColor__c, SBQQ__BottomMargin__c, SBQQ__BundledProductsShown__c, SBQQ__CompanyCity__c, SBQQ__CompanyC... FROM  SBQQ__QuoteTemplate__c.
[00:55:15.302] {SBQQ__QuoteTemplate__c} Retrieving the SOURCE data has been completed. Fetched 7 new records.
[00:55:15.306] {SBQQ__TemplateSection__c} Retrieving the SOURCE data from Org (STEP 1: all records)...
[00:55:15.307] {SBQQ__TemplateSection__c} Query string: SELECT Id, CurrencyIsoCode, Name, SBQQ__Template__c, SBQQ__BorderColor__c, SBQQ__BottomMargin__c, SBQQ__ColumnHeaderHidden__c, SBQQ__ConditionalPrintField__c, SBQQ__DisplayOrder__c, SBQQ__FilterField__c, SBQQ__FilterOperator__c, SBQQ__FilterValue__c,... FROM  SBQQ__TemplateSection__c.
[00:55:15.783] {SBQQ__TemplateSection__c} Retrieving the SOURCE data has been completed. Fetched 86 new records.
[00:55:15.785] {SBQQ__LineColumn__c} Retrieving the SOURCE data from Org (STEP 1: all records)...
[00:55:15.786] {SBQQ__LineColumn__c} Query string: SELECT Id, CurrencyIsoCode, Name, SBQQ__Template__c, SBQQ__Alignment__c, SBQQ__BottomMargin__c, SBQQ__ColumnHeadingField__c, SBQQ__ConditionalPrintField__c, SBQQ__DisplayOrder__c, SBQQ__DynamicNumberScale__c, SBQQ__FieldName__c, SBQQ__FontFamily__c, ... FROM  SBQQ__LineColumn__c.
[00:55:17.829] {SBQQ__LineColumn__c} Retrieving the SOURCE data has been completed. Fetched 107 new records.
[00:55:17.831] {SBQQ__LookupData__c} Retrieving the SOURCE data from Org (STEP 1: all records)...
[00:55:17.832] {SBQQ__LookupData__c} Query string: SELECT Id, SBQQ__Product__c, CurrencyIsoCode, Name, SBQQ__Category__c, SBQQ__Message__c, SBQQ__Required__c, SBQQ__Type__c, SBQQ__Value__c, SBQQ__Product__r.Name  FROM  SBQQ__LookupData__c.
[00:55:17.943] {SBQQ__LookupData__c} Retrieving the SOURCE data has been completed. Fetched 0 new records.
[00:55:17.944] {SBQQ__ProductFeature__c} Retrieving the SOURCE data from Org (STEP 1: all records)...
[00:55:17.945] {SBQQ__ProductFeature__c} Query string: SELECT Id, Name  FROM  SBQQ__ProductFeature__c.
[00:55:18.39] {SBQQ__ProductFeature__c} Retrieving the SOURCE data has been completed. Fetched 0 new records.
[00:55:18.40] {SBQQ__ConfigurationAttribute__c} Retrieving the SOURCE data from Org (STEP 1: all records)...
[00:55:18.40] {SBQQ__ConfigurationAttribute__c} Query string: SELECT Id, RecordTypeId, SBQQ__Feature__c, SBQQ__Product__c, CurrencyIsoCode, Name, SBQQ__AppliedImmediately__c, SBQQ__ApplyToProductOptions__c, SBQQ__AutoSelect__c, SBQQ__ColumnOrder__c, SBQQ__DefaultField__c, SBQQ__DefaultObject__c, SBQQ__DisplayOr... FROM  SBQQ__ConfigurationAttribute__c.
[00:55:18.187] {SBQQ__ConfigurationAttribute__c} Retrieving the SOURCE data has been completed. Fetched 0 new records.
[00:55:18.188] {SBQQ__ProductRule__c} Retrieving the SOURCE data from Org (STEP 1: all records)...
[00:55:18.188] {SBQQ__ProductRule__c} Query string: SELECT Id, CurrencyIsoCode, Name, SBQQ__Active__c, SBQQ__AdvancedCondition__c, SBQQ__ConditionsMet__c, SBQQ__ErrorMessage__c, SBQQ__EvaluationEvent__c, SBQQ__EvaluationOrder__c, SBQQ__LookupMessageField__c, SBQQ__LookupObject__c, SBQQ__LookupProductF... FROM  SBQQ__ProductRule__c.
[00:55:18.299] {SBQQ__ProductRule__c} Retrieving the SOURCE data has been completed. Fetched 0 new records.
[00:55:18.300] {SBQQ__LookupQuery__c} Retrieving the SOURCE data from Org (STEP 1: all records)...
[00:55:18.300] {SBQQ__LookupQuery__c} Query string: SELECT Id, SBQQ__PriceRule2__c, SBQQ__ProductRule__c, SBQQ__TestedConfigurationAttribute__c, CurrencyIsoCode, Name, SBQQ__LookupField__c, SBQQ__MatchType__c, SBQQ__Operator__c, SBQQ__TestedField__c, SBQQ__TestedObject__c, SBQQ__TestedValue__c, Descri... FROM  SBQQ__LookupQuery__c.
[00:55:18.516] {SBQQ__LookupQuery__c} Retrieving the SOURCE data has been completed. Fetched 64 new records.
[00:55:18.517] {SBQQ__SummaryVariable__c} Retrieving the SOURCE data from Org (STEP 1: all records)...
[00:55:18.517] {SBQQ__SummaryVariable__c} Query string: SELECT Id, SBQQ__CombineWith__c, CurrencyIsoCode, Name, SBQQ__AggregateField__c, SBQQ__AggregateFunction__c, SBQQ__CompositeOperator__c, SBQQ__ConstraintField__c, SBQQ__FilterField__c, SBQQ__FilterValue__c, SBQQ__Operator__c, SBQQ__Scope__c, SBQQ__Ta... FROM  SBQQ__SummaryVariable__c.
[00:55:18.716] {SBQQ__SummaryVariable__c} Retrieving the SOURCE data has been completed. Fetched 0 new records.
[00:55:18.717] {SBQQ__PriceAction__c} Retrieving the SOURCE data from Org (STEP 1: all records)...
[00:55:18.718] {SBQQ__PriceAction__c} Query string: SELECT Id, CurrencyIsoCode, Name, SBQQ__Rule__c, SBQQ__Field__c, SBQQ__Formula__c, SBQQ__Order__c, SBQQ__SourceLookupField__c, SBQQ__TargetObject__c, SBQQ__ValueField__c, SBQQ__Value__c, Description__c, SBQQ__SourceVariable__c, SBQQ__Rule__r.Id, SBQQ... FROM  SBQQ__PriceAction__c.
[00:55:19.16] {SBQQ__PriceAction__c} Retrieving the SOURCE data has been completed. Fetched 166 new records.
[00:55:19.17] {SBQQ__PriceCondition__c} Retrieving the SOURCE data from Org (STEP 1: all records)...
[00:55:19.18] {SBQQ__PriceCondition__c} Query string: SELECT Id, CurrencyIsoCode, Name, SBQQ__Rule__c, SBQQ__Field__c, SBQQ__FilterFormula__c, SBQQ__FilterType__c, SBQQ__Index__c, SBQQ__Object__c, SBQQ__Operator__c, SBQQ__TestedFormula__c, SBQQ__Value__c, SBQQ__FilterVariable__c, SBQQ__TestedVariable__c... FROM  SBQQ__PriceCondition__c.
[00:55:19.374] {SBQQ__PriceCondition__c} Retrieving the SOURCE data has been completed. Fetched 67 new records.
[00:55:19.375] {SBQQ__SearchFilter__c} Retrieving the SOURCE data from Org (STEP 1: all records)...
[00:55:19.376] {SBQQ__SearchFilter__c} Query string: SELECT Id, SBQQ__Action__c, CurrencyIsoCode, Name, SBQQ__DisplayOrder__c, SBQQ__FilterSourceField__c, SBQQ__FilterSourceObject__c, SBQQ__FilterValue__c, SBQQ__HiddenSourceField__c, SBQQ__HiddenSourceObject__c, SBQQ__Hidden__c, SBQQ__Operator__c, SBQQ... FROM  SBQQ__SearchFilter__c.
[00:55:19.599] {SBQQ__SearchFilter__c} Retrieving the SOURCE data has been completed. Fetched 13 new records.
[00:55:19.602] {SBQQ__Dimension__c} Retrieving the SOURCE data from Org (STEP 1: all records)...
[00:55:19.603] {SBQQ__Dimension__c} Query string: SELECT Id, SBQQ__DiscountSchedule__c, SBQQ__PriceBook__c, SBQQ__Product__c, SBQQ__TermDiscountSchedule__c, CurrencyIsoCode, Name, SBQQ__CostEditable__c, SBQQ__DefaultQuantity__c, SBQQ__NonDiscountable__c, SBQQ__NonPartnerDiscountable__c, SBQQ__PriceE... FROM  SBQQ__Dimension__c.
[00:55:20.48] {SBQQ__Dimension__c} Retrieving the SOURCE data has been completed. Fetched 0 new records.
[00:55:20.50] {SBQQ__ProductOption__c} Retrieving the SOURCE data from Org (STEP 1: all records)...
[00:55:20.51] {SBQQ__ProductOption__c} Query string: SELECT Id, SBQQ__ConfiguredSKU__c, SBQQ__DiscountSchedule__c, SBQQ__Feature__c, SBQQ__OptionalSKU__c, SBQQ__RenewalProductOption__c, CurrencyIsoCode, Name, SBQQ__AppliedImmediatelyContext__c, SBQQ__AppliedImmediately__c, SBQQ__Bundled__c, SBQQ__Compo... FROM  SBQQ__ProductOption__c.
[00:55:20.181] {SBQQ__ProductOption__c} Retrieving the SOURCE data has been completed. Fetched 0 new records.
[00:55:20.182] {SBQQ__QuoteTerm__c} Retrieving the SOURCE data from Org (STEP 1: all records)...
[00:55:20.183] {SBQQ__QuoteTerm__c} Query string: SELECT Id, SBQQ__ParentTerm__c, SBQQ__Quote__c, SBQQ__StandardTerm__c, SBQQ__TemplateContent__c, CurrencyIsoCode, Name, SBQQ__Active__c, SBQQ__AdvancedCondition__c, SBQQ__Body__c, SBQQ__ConditionsMet__c, SBQQ__Locked__c, SBQQ__PrintOrder__c, SBQQ__St... FROM  SBQQ__QuoteTerm__c.
[00:55:21.447] {SBQQ__QuoteTerm__c} Retrieving the SOURCE data has been completed. Fetched 72 new records.
[00:55:21.449] {SBQQ__Localization__c} Retrieving the SOURCE data from Org (STEP 1: all records)...
[00:55:21.450] {SBQQ__Localization__c} Query string: SELECT Id, SBQQ__LineColumn__c, SBQQ__PriceDimension__c, SBQQ__ProductFeature__c, SBQQ__ProductOption__c, SBQQ__Product__c, SBQQ__QuoteTemplate__c, SBQQ__QuoteTerm__c, SBQQ__TemplateContent__c, CurrencyIsoCode, Name, SBQQ__APIName__c, SBQQ__Descripti... FROM  SBQQ__Localization__c.
[00:55:23.144] {SBQQ__Localization__c} Retrieving the SOURCE data has been completed. Fetched 1384 new records.
[00:55:23.146] {SBQQ__SearchIndex__c} Retrieving the SOURCE data from Org (STEP 1: all records)...
[00:55:23.146] {SBQQ__SearchIndex__c} Query string: SELECT Id, SBQQ__Localization__c, CurrencyIsoCode, Name, SBQQ__Value__c, SBQQ__Localization__r.Id  FROM  SBQQ__SearchIndex__c.
[00:55:23.291] {SBQQ__SearchIndex__c} Retrieving the SOURCE data has been completed. Fetched 0 new records.
[00:55:23.293] Retrieving the data STEP 1 has been completed.

[00:55:23.293] RETRIEVING THE DATA STEP 2...
[00:55:23.294] PASS 1
[00:55:23.294] =============
[00:55:23.295] No records

[00:55:23.297] PASS 2
[00:55:23.297] =============
[00:55:23.298] No records

[00:55:23.299] PASS 3
[00:55:23.300] =============
[00:55:23.301] {SBQQ__CustomAction__c} Retrieving self-referenced lookup records from SOURCE...
[00:55:23.302] {SBQQ__CustomAction__c} Query string: SELECT Id, SBQQ__ParentCustomAction__c, CurrencyIsoCode, Name, SBQQ__Action__c, SBQQ__Active__c, SBQQ__BrandButton__c, SBQQ__Class__c, SBQQ__ConditionsMet__c, SBQQ__Default__c, SBQQ__Description__c, SBQQ__DisplayOrder__c, SBQQ__EventHandlerName__c, S... FROM  SBQQ__CustomAction__c WHERE Id IN ('a0E0O000018ZiL2UAK').
[00:55:23.441] {SBQQ__CustomAction__c} Retrieving the SOURCE data has been completed. Fetched 0 new records.
[00:55:23.449] {SBQQ__PriceRule__c} Retrieving the SOURCE data from Org (STEP 1: filtered records)...
[00:55:23.450] {SBQQ__PriceRule__c} Query string: SELECT Id, CurrencyIsoCode, Name, SBQQ__Active__c, SBQQ__AdvancedCondition__c, SBQQ__ConditionsMet__c, SBQQ__ConfiguratorEvaluationEvent__c, SBQQ__EvaluationEvent__c, SBQQ__EvaluationOrder__c, SBQQ__LookupObject__c, SBQQ__TargetObject__c, Key__c, Des... FROM  SBQQ__PriceRule__c WHERE Id IN ('a0c9E0000030uD7QAI', 'a0c9E0000030uDdQAI', 'a0c9E0000030uDXQAY', 'a0c9E0000030uDYQAY', 'a0c9E0000030uDZQAY', 'a0c9E0000030uDaQAI', 'a0c9E0000030uDbQAI', 'a0c9E0000030uDeQAI', 'a0c9E0000030uDFQAY', 'a0c9E0000030uDPQAY....
[00:55:23.619] {SBQQ__PriceRule__c} Retrieving the SOURCE data has been completed. Fetched 36 new records.

[00:55:23.620] PASS 4
[00:55:23.621] =============
[00:55:23.621] {SBQQ__CustomAction__c} Retrieving self-referenced lookup records from SOURCE...
[00:55:23.622] {SBQQ__CustomAction__c} Query string: SELECT Id, SBQQ__ParentCustomAction__c, CurrencyIsoCode, Name, SBQQ__Action__c, SBQQ__Active__c, SBQQ__BrandButton__c, SBQQ__Class__c, SBQQ__ConditionsMet__c, SBQQ__Default__c, SBQQ__Description__c, SBQQ__DisplayOrder__c, SBQQ__EventHandlerName__c, S... FROM  SBQQ__CustomAction__c WHERE Id IN ('a0E0O000018ZiL2UAK').
[00:55:23.814] {SBQQ__CustomAction__c} Retrieving the SOURCE data has been completed. Fetched 0 new records.
[00:55:23.822] No records

[00:55:23.824] TARGET
[00:55:23.824] =============
[00:55:23.825] {RecordType} Retrieving the TARGET data from Org (STEP 2: all records)...
[00:55:23.825] {RecordType} Query string: SELECT Id, DeveloperName, SobjectType  FROM  RecordType WHERE (SobjectType IN ('SBQQ__ConfigurationAttribute__c')) ORDER BY SobjectType ASC.
[00:55:24.16] {RecordType} Retrieving the TARGET data has been completed. Fetched 2 new records.
[00:55:24.17] {SBQQ__TemplateSection__c} Retrieving the TARGET data from Org (STEP 2: all records)...
[00:55:24.18] {SBQQ__TemplateSection__c} Query string: SELECT Id, CurrencyIsoCode, Name, SBQQ__Template__c, SBQQ__BorderColor__c, SBQQ__BottomMargin__c, SBQQ__ColumnHeaderHidden__c, SBQQ__ConditionalPrintField__c, SBQQ__DisplayOrder__c, SBQQ__FilterField__c, SBQQ__FilterOperator__c, SBQQ__FilterValue__c,... FROM  SBQQ__TemplateSection__c.
[00:55:24.567] {SBQQ__TemplateSection__c} Retrieving the TARGET data has been completed. Fetched 0 new records.
[00:55:24.569] {SBQQ__Quote__c} Retrieving the TARGET data from Org (STEP 2: all records)...
[00:55:24.569] {SBQQ__Quote__c} Query string: SELECT Id, Name  FROM  SBQQ__Quote__c.
[00:55:24.737] {SBQQ__Quote__c} Retrieving the TARGET data has been completed. Fetched 0 new records.
[00:55:24.737] Retrieving the data STEP 2 has been completed.

[00:55:24.739] DATA RETRIEVING SUMMARY
[00:55:24.739] {RecordType} Total retrieved within all steps (source/target): 2/2 records.
[00:55:24.740] {SBQQ__CustomAction__c} Total retrieved within all steps (source/target): 38/0 records.
[00:55:24.741] {SBQQ__TemplateContent__c} Total retrieved within all steps (source/target): 70/0 records.
[00:55:24.741] {SBQQ__QuoteTemplate__c} Total retrieved within all steps (source/target): 7/0 records.
[00:55:24.742] {SBQQ__TemplateSection__c} Total retrieved within all steps (source/target): 86/0 records.
[00:55:24.742] {SBQQ__LineColumn__c} Total retrieved within all steps (source/target): 107/0 records.
[00:55:24.743] {SBQQ__LookupData__c} Total retrieved within all steps (source/target): 0/0 records.
[00:55:24.743] {SBQQ__ProductFeature__c} Total retrieved within all steps (source/target): 0/0 records.
[00:55:24.743] {SBQQ__ConfigurationAttribute__c} Total retrieved within all steps (source/target): 0/0 records.
[00:55:24.744] {SBQQ__ProductRule__c} Total retrieved within all steps (source/target): 0/0 records.
[00:55:24.744] {SBQQ__LookupQuery__c} Total retrieved within all steps (source/target): 64/0 records.
[00:55:24.745] {SBQQ__SummaryVariable__c} Total retrieved within all steps (source/target): 0/0 records.
[00:55:24.745] {SBQQ__PriceAction__c} Total retrieved within all steps (source/target): 166/0 records.
[00:55:24.745] {SBQQ__PriceCondition__c} Total retrieved within all steps (source/target): 67/0 records.
[00:55:24.746] {SBQQ__SearchFilter__c} Total retrieved within all steps (source/target): 13/0 records.
[00:55:24.746] {SBQQ__Dimension__c} Total retrieved within all steps (source/target): 0/0 records.
[00:55:24.747] {SBQQ__ProductOption__c} Total retrieved within all steps (source/target): 0/0 records.
[00:55:24.747] {SBQQ__QuoteTerm__c} Total retrieved within all steps (source/target): 72/0 records.
[00:55:24.747] {SBQQ__Localization__c} Total retrieved within all steps (source/target): 1384/0 records.
[00:55:24.748] {SBQQ__SearchIndex__c} Total retrieved within all steps (source/target): 0/0 records.
[00:55:24.748] {Pricebook2} Total retrieved within all steps (source/target): 0/0 records.
[00:55:24.749] {SBQQ__DiscountSchedule__c} Total retrieved within all steps (source/target): 0/0 records.
[00:55:24.749] {Product2} Total retrieved within all steps (source/target): 0/0 records.
[00:55:24.749] {SBQQ__Quote__c} Total retrieved within all steps (source/target): 0/0 records.
[00:55:24.750] {SBQQ__PriceRule__c} Total retrieved within all steps (source/target): 36/0 records.

[00:55:24.751] UPDATING THE TARGET STEP 1...
[00:55:24.754] {SBQQ__CustomAction__c} Number of records to Insert: 38.
[00:55:24.754] {SBQQ__CustomAction__c} The Insert API operation has been started using REST API.
[00:55:24.755] [Job# REST:Insert] {SBQQ__CustomAction__c} The job has been created.
[00:55:25.350] {SBQQ__CustomAction__c} The Insert API operation has been finished.
[00:55:25.352] {SBQQ__CustomAction__c} Updating the Target has been completed. Processed 38 records.
[00:55:25.353] {SBQQ__TemplateContent__c} Number of records to Insert: 70.
[00:55:25.354] {SBQQ__TemplateContent__c} The Insert API operation has been started using REST API.
[00:55:25.355] [Job# REST:Insert] {SBQQ__TemplateContent__c} The job has been created.
[00:55:26.521] {SBQQ__TemplateContent__c} The Insert API operation has been finished.
[00:55:26.525] {SBQQ__TemplateContent__c} Updating the Target has been completed. Processed 70 records.
[00:55:26.527] {SBQQ__QuoteTemplate__c} Number of records to Insert: 7.
[00:55:26.528] {SBQQ__QuoteTemplate__c} The Insert API operation has been started using REST API.
[00:55:26.529] [Job# REST:Insert] {SBQQ__QuoteTemplate__c} The job has been created.
[00:55:26.988] {SBQQ__QuoteTemplate__c} The Insert API operation has been finished.
[00:55:26.989] {SBQQ__QuoteTemplate__c} Updating the Target has been completed. Processed 7 records.
[00:55:26.994] {SBQQ__TemplateSection__c} Number of records to Insert: 86.
[00:55:26.994] {SBQQ__TemplateSection__c} The Insert API operation has been started using REST API.
[00:55:26.995] [Job# REST:Insert] {SBQQ__TemplateSection__c} The job has been created.
[00:55:27.931] {SBQQ__TemplateSection__c} The Insert API operation has been finished.
[00:55:27.934] {SBQQ__TemplateSection__c} Updating the Target has been completed. Processed 86 records.
[00:55:27.939] {SBQQ__LineColumn__c} Number of records to Insert: 107.
[00:55:27.939] {SBQQ__LineColumn__c} The Insert API operation has been started using REST API.
[00:55:27.940] [Job# REST:Insert] {SBQQ__LineColumn__c} The job has been created.
[00:55:28.715] {SBQQ__LineColumn__c} The Insert API operation has been finished.
[00:55:28.718] {SBQQ__LineColumn__c} Updating the Target has been completed. Processed 107 records.
[00:55:28.719] {SBQQ__PriceRule__c} Number of records to Insert: 36.
[00:55:28.719] {SBQQ__PriceRule__c} The Insert API operation has been started using REST API.
[00:55:28.720] [Job# REST:Insert] {SBQQ__PriceRule__c} The job has been created.
[00:55:29.124] {SBQQ__PriceRule__c} The Insert API operation has been finished.
[00:55:29.126] {SBQQ__PriceRule__c} Updating the Target has been completed. Processed 36 records.
[00:55:29.127] {SBQQ__LookupQuery__c} Number of records to Insert: 64.
[00:55:29.128] {SBQQ__LookupQuery__c} The Insert API operation has been started using REST API.
[00:55:29.129] [Job# REST:Insert] {SBQQ__LookupQuery__c} The job has been created.
[00:55:29.534] {SBQQ__LookupQuery__c} The Insert API operation has been finished.
[00:55:29.537] {SBQQ__LookupQuery__c} Updating the Target has been completed. Processed 64 records.
[00:55:29.543] {SBQQ__PriceAction__c} Number of records to Insert: 166.
[00:55:29.544] {SBQQ__PriceAction__c} The Insert API operation has been started using REST API.
[00:55:29.545] [Job# REST:Insert] {SBQQ__PriceAction__c} The job has been created.
[00:55:30.468] {SBQQ__PriceAction__c} The Insert API operation has been finished.
[00:55:30.471] {SBQQ__PriceAction__c} Updating the Target has been completed. Processed 166 records.
[00:55:30.472] {SBQQ__PriceCondition__c} Number of records to Insert: 67.
[00:55:30.473] {SBQQ__PriceCondition__c} The Insert API operation has been started using REST API.
[00:55:30.474] [Job# REST:Insert] {SBQQ__PriceCondition__c} The job has been created.
[00:55:35.406] {SBQQ__PriceCondition__c} The Insert API operation has been finished.
[00:55:35.408] {SBQQ__PriceCondition__c} Updating the Target has been completed. Processed 67 records.
[00:55:35.409] {SBQQ__SearchFilter__c} Number of records to Insert: 13.
[00:55:35.410] {SBQQ__SearchFilter__c} The Insert API operation has been started using REST API.
[00:55:35.410] [Job# REST:Insert] {SBQQ__SearchFilter__c} The job has been created.
[00:55:35.782] {SBQQ__SearchFilter__c} The Insert API operation has been finished.
[00:55:35.784] {SBQQ__SearchFilter__c} Updating the Target has been completed. Processed 13 records.
[00:55:35.786] {SBQQ__QuoteTerm__c} Number of records to Insert: 72.
[00:55:35.787] {SBQQ__QuoteTerm__c} The Insert API operation has been started using REST API.
[00:55:35.788] [Job# REST:Insert] {SBQQ__QuoteTerm__c} The job has been created.
[00:55:44.117] {SBQQ__QuoteTerm__c} The Insert API operation has been finished.
[00:55:44.130] {SBQQ__QuoteTerm__c} Updating the Target has been completed. Processed 72 records.
[00:55:44.179] {SBQQ__Localization__c} Number of records to Insert: 1384.
[00:55:44.202] {SBQQ__Localization__c} The Insert API operation has been started using Bulk API V2.0.
[00:55:44.407] [Job# 7505E0000088ZvFQAU:Insert] {SBQQ__Localization__c} The job has been created.
[00:55:46.21] [Batch# 7505E0000088ZvFQAU:Insert] {SBQQ__Localization__c} The batch has been created. Uploading data...
[00:55:46.222] [Batch# 7505E0000088ZvFQAU:Insert] {SBQQ__Localization__c} The data has been uploaded. Processing...
[00:56:06.619] [Batch# 7505E0000088ZvFQAU:Insert] {SBQQ__Localization__c} Processing... 1200 records succeeded, 0 records failed.
[00:56:11.600] [Batch# 7505E0000088ZvFQAU:Insert] {SBQQ__Localization__c} Processing... 1384 records succeeded, 0 records failed.
[00:56:16.711] [Batch# 7505E0000088ZvFQAU:Insert] {SBQQ__Localization__c} Completed. 1384 records succeeded, 0 records failed.
[00:56:17.804] {SBQQ__Localization__c} The Insert API operation has been finished.
[00:56:17.833] {SBQQ__Localization__c} Updating the Target has been completed. Processed 1384 records.
[00:56:17.834] Updating the Target (STEP 1) has been completed. Total processed 2110 records.

[00:56:17.835] UPDATING THE TARGET STEP 2...
[00:56:17.838] {SBQQ__CustomAction__c} Number of records to Update: 9.
[00:56:17.839] {SBQQ__CustomAction__c} The Update API operation has been started using REST API.
[00:56:17.840] [Job# REST:Update] {SBQQ__CustomAction__c} The job has been created.
[00:56:18.89] {SBQQ__CustomAction__c} The Update API operation has been finished.
[00:56:18.91] {SBQQ__CustomAction__c} Updating the Target has been completed. Processed 9 records.
[00:56:18.96] Updating the Target (STEP 2) has been completed. Total processed 9 records.

[00:56:18.97] DATA PROCESSING SUMMARY
[00:56:18.98] {RecordType} Total processed within all steps (inserted + updated): 0 records
[00:56:18.98] {SBQQ__CustomAction__c} Total processed within all steps (inserted + updated): 47 records
[00:56:18.99] {SBQQ__TemplateContent__c} Total processed within all steps (inserted + updated): 70 records
[00:56:18.99] {SBQQ__QuoteTemplate__c} Total processed within all steps (inserted + updated): 7 records
[00:56:18.100] {SBQQ__TemplateSection__c} Total processed within all steps (inserted + updated): 86 records
[00:56:18.100] {SBQQ__LineColumn__c} Total processed within all steps (inserted + updated): 107 records
[00:56:18.101] {SBQQ__LookupData__c} Total processed within all steps (inserted + updated): 0 records
[00:56:18.101] {SBQQ__ProductFeature__c} Total processed within all steps (inserted + updated): 0 records
[00:56:18.102] {SBQQ__ConfigurationAttribute__c} Total processed within all steps (inserted + updated): 0 records
[00:56:18.102] {SBQQ__ProductRule__c} Total processed within all steps (inserted + updated): 0 records
[00:56:18.102] {SBQQ__LookupQuery__c} Total processed within all steps (inserted + updated): 64 records
[00:56:18.103] {SBQQ__SummaryVariable__c} Total processed within all steps (inserted + updated): 0 records
[00:56:18.103] {SBQQ__PriceAction__c} Total processed within all steps (inserted + updated): 166 records
[00:56:18.104] {SBQQ__PriceCondition__c} Total processed within all steps (inserted + updated): 67 records
[00:56:18.104] {SBQQ__SearchFilter__c} Total processed within all steps (inserted + updated): 13 records
[00:56:18.105] {SBQQ__Dimension__c} Total processed within all steps (inserted + updated): 0 records
[00:56:18.105] {SBQQ__ProductOption__c} Total processed within all steps (inserted + updated): 0 records
[00:56:18.105] {SBQQ__QuoteTerm__c} Total processed within all steps (inserted + updated): 72 records
[00:56:18.106] {SBQQ__Localization__c} Total processed within all steps (inserted + updated): 1384 records
[00:56:18.106] {SBQQ__SearchIndex__c} Total processed within all steps (inserted + updated): 0 records
[00:56:18.107] {Pricebook2} Total processed within all steps (inserted + updated): 0 records
[00:56:18.107] {SBQQ__DiscountSchedule__c} Total processed within all steps (inserted + updated): 0 records
[00:56:18.108] {Product2} Total processed within all steps (inserted + updated): 0 records
[00:56:18.109] {SBQQ__Quote__c} Total processed within all steps (inserted + updated): 0 records
[00:56:18.109] {SBQQ__PriceRule__c} Total processed within all steps (inserted + updated): 36 records

[00:56:18.110] Writing to /Users/jburgers/Documents/SFDMU/data/jburgers-salesforce-com/SBQQ/MissingParentRecordsReport.csv...

[00:56:18.113] Command succeeded.
[00:56:18.114] Execution of the command sfdmu:run has been finished. Exit code 0 (SUCCESS).
[00:56:18.114] Total time elapsed: 00h 02m 08s 253ms .