
[08:49:19.891] Execution of the command sfdmu:run has been started.

[08:49:19.897] LOADING AND VALIDATING THE PACKAGE SCRIPT...
[08:49:20.124] sObject Group will be excluded from the process.
[08:49:20.270] Connecting to jburgers@imcdgroup.com.uat using SFDX CLI...
[08:49:24.597] Successfully connected to jburgers@imcdgroup.com.uat.
[08:49:24.599] Connecting to jburgers@imcdgroup.com.dmpoc using SFDX CLI...
[08:49:28.599] Successfully connected to jburgers@imcdgroup.com.dmpoc.
[08:49:28.635] {"SOURCE":"jburgers@imcdgroup.com.uat.","TARGET":"jburgers@imcdgroup.com.dmpoc.","Package script":"/Users/jburgers/Documents/SFDMU/data/jburgers-salesforce-com/SBQQ/export.json."}

[08:49:28.636] GETTING AND ANALYSING OBJECTS METADATA...
[08:49:28.636] Processing the sObject SBQQ__CustomAction__c...
[08:49:28.637] Getting metadata for SBQQ__CustomAction__c (SOURCE)
[08:49:28.904] Getting metadata for SBQQ__CustomAction__c (TARGET)
[08:49:29.665] Processing the sObject SBQQ__LineColumn__c...
[08:49:29.666] Getting metadata for SBQQ__LineColumn__c (SOURCE)
[08:49:29.913] Getting metadata for SBQQ__LineColumn__c (TARGET)
[08:49:30.154] Processing the sObject SBQQ__LookupData__c...
[08:49:30.155] Getting metadata for SBQQ__LookupData__c (SOURCE)
[08:49:30.402] Getting metadata for SBQQ__LookupData__c (TARGET)
[08:49:30.653] Processing the sObject SBQQ__LookupQuery__c...
[08:49:30.654] Getting metadata for SBQQ__LookupQuery__c (SOURCE)
[08:49:30.899] Getting metadata for SBQQ__LookupQuery__c (TARGET)
[08:49:31.110] Processing the sObject SBQQ__PriceAction__c...
[08:49:31.110] Getting metadata for SBQQ__PriceAction__c (SOURCE)
[08:49:31.334] Getting metadata for SBQQ__PriceAction__c (TARGET)
[08:49:31.570] Processing the sObject SBQQ__PriceCondition__c...
[08:49:31.571] Getting metadata for SBQQ__PriceCondition__c (SOURCE)
[08:49:31.763] Getting metadata for SBQQ__PriceCondition__c (TARGET)
[08:49:32.7] Processing the sObject SBQQ__PriceRule__c...
[08:49:32.8] Getting metadata for SBQQ__PriceRule__c (SOURCE)
[08:49:32.214] Getting metadata for SBQQ__PriceRule__c (TARGET)
[08:49:32.444] Processing the sObject SBQQ__QuoteTemplate__c...
[08:49:32.445] Getting metadata for SBQQ__QuoteTemplate__c (SOURCE)
[08:49:32.707] Getting metadata for SBQQ__QuoteTemplate__c (TARGET)
[08:49:33.48] Processing the sObject SBQQ__SearchFilter__c...
[08:49:33.48] Getting metadata for SBQQ__SearchFilter__c (SOURCE)
[08:49:33.397] Getting metadata for SBQQ__SearchFilter__c (TARGET)
[08:49:33.626] Processing the sObject SBQQ__SearchIndex__c...
[08:49:33.627] Getting metadata for SBQQ__SearchIndex__c (SOURCE)
[08:49:33.873] Getting metadata for SBQQ__SearchIndex__c (TARGET)
[08:49:34.77] Processing the sObject SBQQ__TemplateContent__c...
[08:49:34.78] Getting metadata for SBQQ__TemplateContent__c (SOURCE)
[08:49:34.323] Getting metadata for SBQQ__TemplateContent__c (TARGET)
[08:49:34.573] Processing the sObject SBQQ__TemplateSection__c...
[08:49:34.574] Getting metadata for SBQQ__TemplateSection__c (SOURCE)
[08:49:34.776] Getting metadata for SBQQ__TemplateSection__c (TARGET)
[08:49:34.989] Processing the sObject Product2...
[08:49:34.990] Getting metadata for Product2 (SOURCE)
[08:49:35.539] Getting metadata for Product2 (TARGET)
[08:49:36.54] Processing the sObject SBQQ__ConfigurationAttribute__c...
[08:49:36.55] Getting metadata for SBQQ__ConfigurationAttribute__c (SOURCE)
[08:49:36.282] Getting metadata for SBQQ__ConfigurationAttribute__c (TARGET)
[08:49:36.554] Processing the sObject SBQQ__Localization__c...
[08:49:36.554] Getting metadata for SBQQ__Localization__c (SOURCE)
[08:49:36.799] Getting metadata for SBQQ__Localization__c (TARGET)
[08:49:37.51] Processing the sObject SBQQ__ProductRule__c...
[08:49:37.51] Getting metadata for SBQQ__ProductRule__c (SOURCE)
[08:49:37.302] Getting metadata for SBQQ__ProductRule__c (TARGET)
[08:49:37.526] Processing the sObject SBQQ__SummaryVariable__c...
[08:49:37.527] Getting metadata for SBQQ__SummaryVariable__c (SOURCE)
[08:49:37.725] Getting metadata for SBQQ__SummaryVariable__c (TARGET)
[08:49:37.967] Processing the sObject SBQQ__SummaryVariable__c...
[08:49:37.970] Processing the sObject SBQQ__ProductRule__c...
[08:49:37.970] Processing the sObject SBQQ__Localization__c...
[08:49:37.971] Processing the sObject SBQQ__ConfigurationAttribute__c...
[08:49:37.972] Processing the sObject Product2...
[08:49:37.972] Processing the sObject SBQQ__TemplateSection__c...
[08:49:37.975] Processing the sObject SBQQ__TemplateContent__c...
[08:49:37.978] Getting metadata for User (SOURCE)
[08:49:39.139] Getting metadata for User (TARGET)
[08:49:40.419] Processing the sObject SBQQ__SearchIndex__c...
[08:49:40.420] Processing the sObject SBQQ__SearchFilter__c...
[08:49:40.421] Processing the sObject SBQQ__QuoteTemplate__c...
[08:49:40.428] Processing the sObject SBQQ__PriceRule__c...
[08:49:40.430] Processing the sObject SBQQ__PriceCondition__c...
[08:49:40.431] Processing the sObject SBQQ__PriceAction__c...
[08:49:40.432] Processing the sObject SBQQ__LookupQuery__c...
[08:49:40.433] Processing the sObject SBQQ__LookupData__c...
[08:49:40.434] Processing the sObject SBQQ__LineColumn__c...
[08:49:40.435] Processing the sObject SBQQ__CustomAction__c...

[08:49:40.438] PREPARING DATA MIGRATION JOB...
[08:49:40.439] Building migration strategy...
[08:49:40.443] {"Order of objects to retrieve data":"User; SBQQ__SummaryVariable__c; SBQQ__ProductRule__c; SBQQ__Localization__c; SBQQ__ConfigurationAttribute__c; Product2; SBQQ__CustomAction__c; SBQQ__TemplateContent__c; SBQQ__QuoteTemplate__c; SBQQ__TemplateSection__c; SBQQ__LineColumn__c; SBQQ__LookupData__c; SBQQ__PriceRule__c; SBQQ__LookupQuery__c; SBQQ__PriceAction__c; SBQQ__PriceCondition__c; SBQQ__SearchFilter__c; SBQQ__SearchIndex__c"}
[08:49:40.444] {"Order of objects to update data":"User; SBQQ__SummaryVariable__c; SBQQ__ProductRule__c; SBQQ__Localization__c; SBQQ__ConfigurationAttribute__c; Product2; SBQQ__CustomAction__c; SBQQ__TemplateContent__c; SBQQ__QuoteTemplate__c; SBQQ__TemplateSection__c; SBQQ__LineColumn__c; SBQQ__LookupData__c; SBQQ__PriceRule__c; SBQQ__LookupQuery__c; SBQQ__PriceAction__c; SBQQ__PriceCondition__c; SBQQ__SearchFilter__c; SBQQ__SearchIndex__c"}

[08:49:40.445] GETTING THE TOTAL AMOUNT OF RECORDS LIMITED BY THE OBJECT'S SOQL QUERY...
[08:49:40.554] {User} Total amount of the SOURCE records: 4686
[08:49:40.680] {User} Total amount of the TARGET records: 3468
[08:49:40.849] {SBQQ__SummaryVariable__c} Total amount of the SOURCE records: 0
[08:49:41.13] {SBQQ__SummaryVariable__c} Total amount of the TARGET records: 0
[08:49:41.234] {SBQQ__ProductRule__c} Total amount of the SOURCE records: 0
[08:49:41.373] {SBQQ__ProductRule__c} Total amount of the TARGET records: 0
[08:49:41.489] {SBQQ__Localization__c} Total amount of the SOURCE records: 1384
[08:49:41.604] {SBQQ__Localization__c} Total amount of the TARGET records: 0
[08:49:41.753] {SBQQ__ConfigurationAttribute__c} Total amount of the SOURCE records: 0
[08:49:41.864] {SBQQ__ConfigurationAttribute__c} Total amount of the TARGET records: 0
[08:49:42.86] {Product2} Total amount of the SOURCE records: 215813
[08:49:42.278] {Product2} Total amount of the TARGET records: 216977
[08:49:42.658] {SBQQ__CustomAction__c} Total amount of the SOURCE records: 38
[08:49:43.294] {SBQQ__CustomAction__c} Total amount of the TARGET records: 0
[08:49:43.423] {SBQQ__TemplateContent__c} Total amount of the SOURCE records: 70
[08:49:43.532] {SBQQ__TemplateContent__c} Total amount of the TARGET records: 0
[08:49:43.673] {SBQQ__QuoteTemplate__c} Total amount of the SOURCE records: 7
[08:49:43.778] {SBQQ__QuoteTemplate__c} Total amount of the TARGET records: 0
[08:49:43.907] {SBQQ__TemplateSection__c} Total amount of the SOURCE records: 86
[08:49:44.26] {SBQQ__TemplateSection__c} Total amount of the TARGET records: 0
[08:49:44.173] {SBQQ__LineColumn__c} Total amount of the SOURCE records: 107
[08:49:44.278] {SBQQ__LineColumn__c} Total amount of the TARGET records: 0
[08:49:44.390] {SBQQ__LookupData__c} Total amount of the SOURCE records: 0
[08:49:44.497] {SBQQ__LookupData__c} Total amount of the TARGET records: 0
[08:49:44.872] {SBQQ__PriceRule__c} Total amount of the SOURCE records: 37
[08:49:45.89] {SBQQ__PriceRule__c} Total amount of the TARGET records: 0
[08:49:45.250] {SBQQ__LookupQuery__c} Total amount of the SOURCE records: 64
[08:49:45.373] {SBQQ__LookupQuery__c} Total amount of the TARGET records: 0
[08:49:45.484] {SBQQ__PriceAction__c} Total amount of the SOURCE records: 166
[08:49:45.624] {SBQQ__PriceAction__c} Total amount of the TARGET records: 0
[08:49:45.742] {SBQQ__PriceCondition__c} Total amount of the SOURCE records: 67
[08:49:45.853] {SBQQ__PriceCondition__c} Total amount of the TARGET records: 0
[08:49:45.959] {SBQQ__SearchFilter__c} Total amount of the SOURCE records: 13
[08:49:46.100] {SBQQ__SearchFilter__c} Total amount of the TARGET records: 0
[08:49:46.203] {SBQQ__SearchIndex__c} Total amount of the SOURCE records: 0
[08:49:46.405] {SBQQ__SearchIndex__c} Total amount of the TARGET records: 0

[08:49:46.406] DELETING OLD DATA FROM THE TARGET...
[08:49:46.407] {SBQQ__SearchIndex__c} Deleting old sObject data from the Target.
[08:49:46.525] {SBQQ__SearchIndex__c} Nothing to delete.
[08:49:46.526] {SBQQ__SearchFilter__c} Deleting old sObject data from the Target.
[08:49:46.647] {SBQQ__SearchFilter__c} Nothing to delete.
[08:49:46.647] {SBQQ__PriceCondition__c} Deleting old sObject data from the Target.
[08:49:46.752] {SBQQ__PriceCondition__c} Nothing to delete.
[08:49:46.752] {SBQQ__PriceAction__c} Deleting old sObject data from the Target.
[08:49:46.891] {SBQQ__PriceAction__c} Nothing to delete.
[08:49:46.892] {SBQQ__LookupQuery__c} Deleting old sObject data from the Target.
[08:49:46.994] {SBQQ__LookupQuery__c} Nothing to delete.
[08:49:46.995] {SBQQ__PriceRule__c} Deleting old sObject data from the Target.
[08:49:47.103] {SBQQ__PriceRule__c} Nothing to delete.
[08:49:47.104] {SBQQ__LookupData__c} Deleting old sObject data from the Target.
[08:49:47.222] {SBQQ__LookupData__c} Nothing to delete.
[08:49:47.222] {SBQQ__LineColumn__c} Deleting old sObject data from the Target.
[08:49:47.326] {SBQQ__LineColumn__c} Nothing to delete.
[08:49:47.327] {SBQQ__TemplateSection__c} Deleting old sObject data from the Target.
[08:49:47.452] {SBQQ__TemplateSection__c} Nothing to delete.
[08:49:47.453] {SBQQ__QuoteTemplate__c} Deleting old sObject data from the Target.
[08:49:47.588] {SBQQ__QuoteTemplate__c} Nothing to delete.
[08:49:47.590] {SBQQ__TemplateContent__c} Deleting old sObject data from the Target.
[08:49:47.703] {SBQQ__TemplateContent__c} Nothing to delete.
[08:49:47.704] {SBQQ__CustomAction__c} Deleting old sObject data from the Target.
[08:49:48.141] {SBQQ__CustomAction__c} Nothing to delete.
[08:49:48.142] {Product2} Nothing to delete.
[08:49:48.142] {SBQQ__ConfigurationAttribute__c} Nothing to delete.
[08:49:48.143] {SBQQ__Localization__c} Nothing to delete.
[08:49:48.144] {SBQQ__ProductRule__c} Nothing to delete.
[08:49:48.145] {SBQQ__SummaryVariable__c} Nothing to delete.
[08:49:48.145] {User} Nothing to delete.
[08:49:48.146] Deleting old data from the Target was skipped.

[08:49:48.148] RETRIEVING THE DATA STEP 1...
[08:49:48.149] {User} Retrieving the SOURCE data from Org (STEP 1: all records)...
[08:49:48.150] {User} Query string: SELECT Id, Name  FROM  User.
[08:49:49.476] {User} Retrieving the SOURCE data has been completed. Fetched 4686 new records.
[08:49:49.477] {SBQQ__SummaryVariable__c} Retrieving the SOURCE data from Org (STEP 1: all records)...
[08:49:49.478] {SBQQ__SummaryVariable__c} Query string: SELECT Id, Name  FROM  SBQQ__SummaryVariable__c.
[08:49:49.629] {SBQQ__SummaryVariable__c} Retrieving the SOURCE data has been completed. Fetched 0 new records.
[08:49:49.630] {SBQQ__ProductRule__c} Retrieving the SOURCE data from Org (STEP 1: all records)...
[08:49:49.631] {SBQQ__ProductRule__c} Query string: SELECT Id, Name  FROM  SBQQ__ProductRule__c.
[08:49:49.749] {SBQQ__ProductRule__c} Retrieving the SOURCE data has been completed. Fetched 0 new records.
[08:49:49.750] {SBQQ__Localization__c} Retrieving the SOURCE data from Org (STEP 1: all records)...
[08:49:49.751] {SBQQ__Localization__c} Query string: SELECT Id, Name  FROM  SBQQ__Localization__c.
[08:49:50.207] {SBQQ__Localization__c} Retrieving the SOURCE data has been completed. Fetched 1384 new records.
[08:49:50.208] {SBQQ__ConfigurationAttribute__c} Retrieving the SOURCE data from Org (STEP 1: all records)...
[08:49:50.209] {SBQQ__ConfigurationAttribute__c} Query string: SELECT Id, Name  FROM  SBQQ__ConfigurationAttribute__c.
[08:49:50.381] {SBQQ__ConfigurationAttribute__c} Retrieving the SOURCE data has been completed. Fetched 0 new records.
[08:49:50.382] {Product2} Retrieving the SOURCE data from Org (STEP 1: all records)...
[08:49:50.384] {Product2} Query string: SELECT Id, Name  FROM  Product2.
[08:50:02.865] {Product2} Retrieving the SOURCE data has been completed. Fetched 215813 new records.
[08:50:02.870] {SBQQ__CustomAction__c} Retrieving the SOURCE data from Org (STEP 1: all records)...
[08:50:02.871] {SBQQ__CustomAction__c} Query string: SELECT Id, OwnerId, SBQQ__ParentCustomAction__c, CurrencyIsoCode, Name, SBQQ__Action__c, SBQQ__Active__c, SBQQ__BrandButton__c, SBQQ__Class__c, SBQQ__ConditionsMet__c, SBQQ__Default__c, SBQQ__Description__c, SBQQ__DisplayOrder__c, SBQQ__EventHandlerN... FROM  SBQQ__CustomAction__c.
[08:50:03.260] {SBQQ__CustomAction__c} Retrieving the SOURCE data has been completed. Fetched 38 new records.
[08:50:03.261] {SBQQ__CustomAction__c} Retrieving self-referenced lookup records from SOURCE...
[08:50:03.262] {SBQQ__CustomAction__c} Query string: SELECT Id, OwnerId, SBQQ__ParentCustomAction__c, CurrencyIsoCode, Name, SBQQ__Action__c, SBQQ__Active__c, SBQQ__BrandButton__c, SBQQ__Class__c, SBQQ__ConditionsMet__c, SBQQ__Default__c, SBQQ__Description__c, SBQQ__DisplayOrder__c, SBQQ__EventHandlerN... FROM  SBQQ__CustomAction__c WHERE Id IN ('a0E0O000018ZiL2UAK').
[08:50:03.499] {SBQQ__CustomAction__c} Retrieving the SOURCE data has been completed. Fetched 0 new records.
[08:50:03.500] {SBQQ__TemplateContent__c} Retrieving the SOURCE data from Org (STEP 1: all records)...
[08:50:03.501] {SBQQ__TemplateContent__c} Query string: SELECT Id, OwnerId, CurrencyIsoCode, Name, SBQQ__CustomSource__c, SBQQ__FontFamily__c, SBQQ__FontSize__c, SBQQ__Markup__c, SBQQ__RawMarkup__c, SBQQ__TableStyle__c, SBQQ__TextColor__c, SBQQ__Type__c, Key__c, Owner.Name  FROM  SBQQ__TemplateContent__c.
[08:50:03.801] {SBQQ__TemplateContent__c} Retrieving the SOURCE data has been completed. Fetched 70 new records.
[08:50:03.803] {SBQQ__QuoteTemplate__c} Retrieving the SOURCE data from Org (STEP 1: all records)...
[08:50:03.803] {SBQQ__QuoteTemplate__c} Query string: SELECT Id, OwnerId, SBQQ__FooterContent__c, SBQQ__HeaderContent__c, CurrencyIsoCode, Name, SBQQ__AllPackageProductsShown__c, SBQQ__BillToTitle__c, SBQQ__BorderColor__c, SBQQ__BottomMargin__c, SBQQ__BundledProductsShown__c, SBQQ__CompanyCity__c, SBQQ_... FROM  SBQQ__QuoteTemplate__c.
[08:50:04.116] {SBQQ__QuoteTemplate__c} Retrieving the SOURCE data has been completed. Fetched 7 new records.
[08:50:04.140] {SBQQ__TemplateSection__c} Retrieving the SOURCE data from Org (STEP 1: all records)...
[08:50:04.141] {SBQQ__TemplateSection__c} Query string: SELECT Id, CurrencyIsoCode, Name, SBQQ__Template__c, SBQQ__BorderColor__c, SBQQ__BottomMargin__c, SBQQ__ColumnHeaderHidden__c, SBQQ__ConditionalPrintField__c, SBQQ__DisplayOrder__c, SBQQ__FilterField__c, SBQQ__FilterOperator__c, SBQQ__FilterValue__c,... FROM  SBQQ__TemplateSection__c.
[08:50:04.422] {SBQQ__TemplateSection__c} Retrieving the SOURCE data has been completed. Fetched 86 new records.
[08:50:04.424] {SBQQ__LineColumn__c} Retrieving the SOURCE data from Org (STEP 1: all records)...
[08:50:04.424] {SBQQ__LineColumn__c} Query string: SELECT Id, CurrencyIsoCode, Name, SBQQ__Template__c, SBQQ__Alignment__c, SBQQ__BottomMargin__c, SBQQ__ColumnHeadingField__c, SBQQ__ConditionalPrintField__c, SBQQ__DisplayOrder__c, SBQQ__DynamicNumberScale__c, SBQQ__FieldName__c, SBQQ__FontFamily__c, ... FROM  SBQQ__LineColumn__c.
[08:50:04.808] {SBQQ__LineColumn__c} Retrieving the SOURCE data has been completed. Fetched 107 new records.
[08:50:04.809] {SBQQ__LookupData__c} Retrieving the SOURCE data from Org (STEP 1: all records)...
[08:50:04.810] {SBQQ__LookupData__c} Query string: SELECT Id, OwnerId, SBQQ__Product__c, CurrencyIsoCode, Name, SBQQ__Category__c, SBQQ__Message__c, SBQQ__Required__c, SBQQ__Type__c, SBQQ__Value__c, Owner.Name, SBQQ__Product__r.Name  FROM  SBQQ__LookupData__c.
[08:50:05.8] {SBQQ__LookupData__c} Retrieving the SOURCE data has been completed. Fetched 0 new records.
[08:50:05.9] {SBQQ__PriceRule__c} Retrieving the SOURCE data from Org (STEP 1: all records)...
[08:50:05.10] {SBQQ__PriceRule__c} Query string: SELECT Id, OwnerId, SBQQ__Product__c, CurrencyIsoCode, Name, SBQQ__Active__c, SBQQ__AdvancedCondition__c, SBQQ__ConditionsMet__c, SBQQ__ConfiguratorEvaluationEvent__c, SBQQ__EvaluationEvent__c, SBQQ__EvaluationOrder__c, SBQQ__LookupObject__c, SBQQ__T... FROM  SBQQ__PriceRule__c.
[08:50:05.235] {SBQQ__PriceRule__c} Retrieving the SOURCE data has been completed. Fetched 37 new records.
[08:50:05.236] {SBQQ__LookupQuery__c} Retrieving the SOURCE data from Org (STEP 1: all records)...
[08:50:05.236] {SBQQ__LookupQuery__c} Query string: SELECT Id, OwnerId, SBQQ__PriceRule2__c, SBQQ__ProductRule__c, SBQQ__TestedConfigurationAttribute__c, CurrencyIsoCode, Name, SBQQ__LookupField__c, SBQQ__MatchType__c, SBQQ__Operator__c, SBQQ__TestedField__c, SBQQ__TestedObject__c, SBQQ__TestedValue__... FROM  SBQQ__LookupQuery__c.
[08:50:05.531] {SBQQ__LookupQuery__c} Retrieving the SOURCE data has been completed. Fetched 64 new records.
[08:50:05.532] {SBQQ__PriceAction__c} Retrieving the SOURCE data from Org (STEP 1: all records)...
[08:50:05.532] {SBQQ__PriceAction__c} Query string: SELECT Id, CurrencyIsoCode, Name, SBQQ__Rule__c, SBQQ__Field__c, SBQQ__Formula__c, SBQQ__Order__c, SBQQ__SourceLookupField__c, SBQQ__TargetObject__c, SBQQ__ValueField__c, SBQQ__Value__c, Description__c, SBQQ__SourceVariable__c, SBQQ__Rule__r.Id, SBQQ... FROM  SBQQ__PriceAction__c.
[08:50:05.899] {SBQQ__PriceAction__c} Retrieving the SOURCE data has been completed. Fetched 166 new records.
[08:50:05.900] {SBQQ__PriceCondition__c} Retrieving the SOURCE data from Org (STEP 1: all records)...
[08:50:05.900] {SBQQ__PriceCondition__c} Query string: SELECT Id, CurrencyIsoCode, Name, SBQQ__Rule__c, SBQQ__Field__c, SBQQ__FilterFormula__c, SBQQ__FilterType__c, SBQQ__Index__c, SBQQ__Object__c, SBQQ__Operator__c, SBQQ__TestedFormula__c, SBQQ__Value__c, SBQQ__FilterVariable__c, SBQQ__TestedVariable__c... FROM  SBQQ__PriceCondition__c.
[08:50:06.205] {SBQQ__PriceCondition__c} Retrieving the SOURCE data has been completed. Fetched 67 new records.
[08:50:06.206] {SBQQ__SearchFilter__c} Retrieving the SOURCE data from Org (STEP 1: all records)...
[08:50:06.206] {SBQQ__SearchFilter__c} Query string: SELECT Id, OwnerId, SBQQ__Action__c, CurrencyIsoCode, Name, SBQQ__DisplayOrder__c, SBQQ__FilterSourceField__c, SBQQ__FilterSourceObject__c, SBQQ__FilterValue__c, SBQQ__HiddenSourceField__c, SBQQ__HiddenSourceObject__c, SBQQ__Hidden__c, SBQQ__Operator... FROM  SBQQ__SearchFilter__c.
[08:50:06.420] {SBQQ__SearchFilter__c} Retrieving the SOURCE data has been completed. Fetched 13 new records.
[08:50:06.421] {SBQQ__SearchIndex__c} Retrieving the SOURCE data from Org (STEP 1: all records)...
[08:50:06.422] {SBQQ__SearchIndex__c} Query string: SELECT Id, OwnerId, SBQQ__Localization__c, CurrencyIsoCode, Name, SBQQ__Value__c, Owner.Name, SBQQ__Localization__r.Name  FROM  SBQQ__SearchIndex__c.
[08:50:06.544] {SBQQ__SearchIndex__c} Retrieving the SOURCE data has been completed. Fetched 0 new records.
[08:50:06.545] Retrieving the data STEP 1 has been completed.

[08:50:06.547] RETRIEVING THE DATA STEP 2...
[08:50:06.547] PASS 1
[08:50:06.548] =============
[08:50:06.548] No records

[08:50:06.549] PASS 2
[08:50:06.549] =============
[08:50:06.550] No records

[08:50:06.551] PASS 3
[08:50:06.551] =============
[08:50:06.552] {SBQQ__CustomAction__c} Retrieving self-referenced lookup records from SOURCE...
[08:50:06.552] {SBQQ__CustomAction__c} Query string: SELECT Id, OwnerId, SBQQ__ParentCustomAction__c, CurrencyIsoCode, Name, SBQQ__Action__c, SBQQ__Active__c, SBQQ__BrandButton__c, SBQQ__Class__c, SBQQ__ConditionsMet__c, SBQQ__Default__c, SBQQ__Description__c, SBQQ__DisplayOrder__c, SBQQ__EventHandlerN... FROM  SBQQ__CustomAction__c WHERE Id IN ('a0E0O000018ZiL2UAK').
[08:50:06.676] {SBQQ__CustomAction__c} Retrieving the SOURCE data has been completed. Fetched 0 new records.
[08:50:06.680] No records

[08:50:06.681] PASS 4
[08:50:06.681] =============
[08:50:06.683] {SBQQ__CustomAction__c} Retrieving self-referenced lookup records from SOURCE...
[08:50:06.683] {SBQQ__CustomAction__c} Query string: SELECT Id, OwnerId, SBQQ__ParentCustomAction__c, CurrencyIsoCode, Name, SBQQ__Action__c, SBQQ__Active__c, SBQQ__BrandButton__c, SBQQ__Class__c, SBQQ__ConditionsMet__c, SBQQ__Default__c, SBQQ__Description__c, SBQQ__DisplayOrder__c, SBQQ__EventHandlerN... FROM  SBQQ__CustomAction__c WHERE Id IN ('a0E0O000018ZiL2UAK').
[08:50:06.813] {SBQQ__CustomAction__c} Retrieving the SOURCE data has been completed. Fetched 0 new records.
[08:50:06.816] No records

[08:50:06.817] TARGET
[08:50:06.817] =============
[08:50:06.818] {User} Retrieving the TARGET data from Org (STEP 2: all records)...
[08:50:06.818] {User} Query string: SELECT Id, Name  FROM  User.
[08:50:07.677] {User} Retrieving the TARGET data has been completed. Fetched 3468 new records.
[08:50:07.678] {SBQQ__SummaryVariable__c} Retrieving the TARGET data from Org (STEP 2: all records)...
[08:50:07.678] {SBQQ__SummaryVariable__c} Query string: SELECT Id, Name  FROM  SBQQ__SummaryVariable__c.
[08:50:07.889] {SBQQ__SummaryVariable__c} Retrieving the TARGET data has been completed. Fetched 0 new records.
[08:50:07.890] {SBQQ__ProductRule__c} Retrieving the TARGET data from Org (STEP 2: all records)...
[08:50:07.890] {SBQQ__ProductRule__c} Query string: SELECT Id, Name  FROM  SBQQ__ProductRule__c.
[08:50:08.76] {SBQQ__ProductRule__c} Retrieving the TARGET data has been completed. Fetched 0 new records.
[08:50:08.77] {SBQQ__Localization__c} Retrieving the TARGET data from Org (STEP 2: all records)...
[08:50:08.77] {SBQQ__Localization__c} Query string: SELECT Id, Name  FROM  SBQQ__Localization__c.
[08:50:08.237] {SBQQ__Localization__c} Retrieving the TARGET data has been completed. Fetched 0 new records.
[08:50:08.238] {SBQQ__ConfigurationAttribute__c} Retrieving the TARGET data from Org (STEP 2: all records)...
[08:50:08.239] {SBQQ__ConfigurationAttribute__c} Query string: SELECT Id, Name  FROM  SBQQ__ConfigurationAttribute__c.
[08:50:08.347] {SBQQ__ConfigurationAttribute__c} Retrieving the TARGET data has been completed. Fetched 0 new records.
[08:50:08.348] {Product2} Retrieving the TARGET data from Org (STEP 2: all records)...
[08:50:08.348] {Product2} Query string: SELECT Id, Name  FROM  Product2.