
[09:02:08.560] Execution of the command sfdmu:run has been started.

[09:02:08.566] LOADING AND VALIDATING THE PACKAGE SCRIPT...
[09:02:08.788] sObject Group will be excluded from the process.
[09:02:08.927] Connecting to jburgers@imcdgroup.com.uat using SFDX CLI...
[09:02:15.465] Successfully connected to jburgers@imcdgroup.com.uat.
[09:02:15.466] Connecting to jburgers@imcdgroup.com.dmpoc using SFDX CLI...
[09:02:19.128] Successfully connected to jburgers@imcdgroup.com.dmpoc.
[09:02:19.187] {"SOURCE":"jburgers@imcdgroup.com.uat.","TARGET":"jburgers@imcdgroup.com.dmpoc.","Package script":"/Users/jburgers/Documents/SFDMU/data/jburgers-salesforce-com/SBQQ/export.json."}

[09:02:19.189] GETTING AND ANALYSING OBJECTS METADATA...
[09:02:19.190] Processing the sObject SBQQ__CustomAction__c...
[09:02:19.190] Getting metadata for SBQQ__CustomAction__c (SOURCE)
[09:02:19.515] Getting metadata for SBQQ__CustomAction__c (TARGET)
[09:02:19.801] Processing the sObject SBQQ__LineColumn__c...
[09:02:19.802] Getting metadata for SBQQ__LineColumn__c (SOURCE)
[09:02:20.88] Getting metadata for SBQQ__LineColumn__c (TARGET)
[09:02:20.686] Processing the sObject SBQQ__LookupData__c...
[09:02:20.687] Getting metadata for SBQQ__LookupData__c (SOURCE)
[09:02:20.926] Getting metadata for SBQQ__LookupData__c (TARGET)
[09:02:21.132] Processing the sObject SBQQ__LookupQuery__c...
[09:02:21.133] Getting metadata for SBQQ__LookupQuery__c (SOURCE)
[09:02:21.332] Getting metadata for SBQQ__LookupQuery__c (TARGET)
[09:02:21.558] Processing the sObject SBQQ__PriceAction__c...
[09:02:21.558] Getting metadata for SBQQ__PriceAction__c (SOURCE)
[09:02:21.791] Getting metadata for SBQQ__PriceAction__c (TARGET)
[09:02:22.22] Processing the sObject SBQQ__PriceCondition__c...
[09:02:22.22] Getting metadata for SBQQ__PriceCondition__c (SOURCE)
[09:02:22.253] Getting metadata for SBQQ__PriceCondition__c (TARGET)
[09:02:22.569] Processing the sObject SBQQ__PriceRule__c...
[09:02:22.570] Getting metadata for SBQQ__PriceRule__c (SOURCE)
[09:02:22.863] Getting metadata for SBQQ__PriceRule__c (TARGET)
[09:02:23.117] Processing the sObject SBQQ__QuoteTemplate__c...
[09:02:23.118] Getting metadata for SBQQ__QuoteTemplate__c (SOURCE)
[09:02:23.494] Getting metadata for SBQQ__QuoteTemplate__c (TARGET)
[09:02:23.833] Processing the sObject SBQQ__SearchFilter__c...
[09:02:23.834] Getting metadata for SBQQ__SearchFilter__c (SOURCE)
[09:02:24.41] Getting metadata for SBQQ__SearchFilter__c (TARGET)
[09:02:24.273] Processing the sObject SBQQ__SearchIndex__c...
[09:02:24.274] Getting metadata for SBQQ__SearchIndex__c (SOURCE)
[09:02:24.492] Getting metadata for SBQQ__SearchIndex__c (TARGET)
[09:02:24.753] Processing the sObject SBQQ__TemplateContent__c...
[09:02:24.754] Getting metadata for SBQQ__TemplateContent__c (SOURCE)
[09:02:25.65] Getting metadata for SBQQ__TemplateContent__c (TARGET)
[09:02:25.381] Processing the sObject SBQQ__TemplateSection__c...
[09:02:25.382] Getting metadata for SBQQ__TemplateSection__c (SOURCE)
[09:02:25.584] Getting metadata for SBQQ__TemplateSection__c (TARGET)
[09:02:25.785] Processing the sObject Product2...
[09:02:25.786] Getting metadata for Product2 (SOURCE)
[09:02:26.402] Getting metadata for Product2 (TARGET)
[09:02:27.185] Processing the sObject SBQQ__ConfigurationAttribute__c...
[09:02:27.186] Getting metadata for SBQQ__ConfigurationAttribute__c (SOURCE)
[09:02:27.382] Getting metadata for SBQQ__ConfigurationAttribute__c (TARGET)
[09:02:27.633] Processing the sObject SBQQ__Localization__c...
[09:02:27.633] Getting metadata for SBQQ__Localization__c (SOURCE)
[09:02:27.882] Getting metadata for SBQQ__Localization__c (TARGET)
[09:02:28.99] Processing the sObject SBQQ__ProductRule__c...
[09:02:28.99] Getting metadata for SBQQ__ProductRule__c (SOURCE)
[09:02:28.390] Getting metadata for SBQQ__ProductRule__c (TARGET)
[09:02:28.592] Processing the sObject SBQQ__SummaryVariable__c...
[09:02:28.593] Getting metadata for SBQQ__SummaryVariable__c (SOURCE)
[09:02:28.849] Getting metadata for SBQQ__SummaryVariable__c (TARGET)
[09:02:29.68] Processing the sObject SBQQ__SummaryVariable__c...
[09:02:29.69] Processing the sObject SBQQ__ProductRule__c...
[09:02:29.70] Processing the sObject SBQQ__Localization__c...
[09:02:29.70] Processing the sObject SBQQ__ConfigurationAttribute__c...
[09:02:29.71] Processing the sObject Product2...
[09:02:29.71] Processing the sObject SBQQ__TemplateSection__c...
[09:02:29.75] Processing the sObject SBQQ__TemplateContent__c...
[09:02:29.78] Getting metadata for User (SOURCE)
[09:02:30.192] Getting metadata for User (TARGET)
[09:02:32.710] Processing the sObject SBQQ__SearchIndex__c...
[09:02:32.711] Processing the sObject SBQQ__SearchFilter__c...
[09:02:32.713] Processing the sObject SBQQ__QuoteTemplate__c...
[09:02:32.722] Processing the sObject SBQQ__PriceRule__c...
[09:02:32.723] Processing the sObject SBQQ__PriceCondition__c...
[09:02:32.724] Processing the sObject SBQQ__PriceAction__c...
[09:02:32.726] Processing the sObject SBQQ__LookupQuery__c...
[09:02:32.727] Processing the sObject SBQQ__LookupData__c...
[09:02:32.728] Processing the sObject SBQQ__LineColumn__c...
[09:02:32.730] Processing the sObject SBQQ__CustomAction__c...

[09:02:32.734] PREPARING DATA MIGRATION JOB...
[09:02:32.734] Building migration strategy...
[09:02:32.739] {"Order of objects to retrieve data":"User; SBQQ__SummaryVariable__c; SBQQ__ProductRule__c; SBQQ__Localization__c; SBQQ__ConfigurationAttribute__c; Product2; SBQQ__CustomAction__c; SBQQ__TemplateContent__c; SBQQ__QuoteTemplate__c; SBQQ__TemplateSection__c; SBQQ__LineColumn__c; SBQQ__LookupData__c; SBQQ__PriceRule__c; SBQQ__LookupQuery__c; SBQQ__PriceAction__c; SBQQ__PriceCondition__c; SBQQ__SearchFilter__c; SBQQ__SearchIndex__c"}
[09:02:32.739] {"Order of objects to update data":"User; SBQQ__SummaryVariable__c; SBQQ__ProductRule__c; SBQQ__Localization__c; SBQQ__ConfigurationAttribute__c; Product2; SBQQ__CustomAction__c; SBQQ__TemplateContent__c; SBQQ__QuoteTemplate__c; SBQQ__TemplateSection__c; SBQQ__LineColumn__c; SBQQ__LookupData__c; SBQQ__PriceRule__c; SBQQ__LookupQuery__c; SBQQ__PriceAction__c; SBQQ__PriceCondition__c; SBQQ__SearchFilter__c; SBQQ__SearchIndex__c"}

[09:02:32.741] GETTING THE TOTAL AMOUNT OF RECORDS LIMITED BY THE OBJECT'S SOQL QUERY...
[09:02:32.879] {User} Total amount of the SOURCE records: 4686
[09:02:33.31] {User} Total amount of the TARGET records: 3468
[09:02:33.203] {SBQQ__SummaryVariable__c} Total amount of the SOURCE records: 0
[09:02:33.319] {SBQQ__SummaryVariable__c} Total amount of the TARGET records: 0
[09:02:33.464] {SBQQ__ProductRule__c} Total amount of the SOURCE records: 0
[09:02:33.584] {SBQQ__ProductRule__c} Total amount of the TARGET records: 0
[09:02:33.684] {SBQQ__Localization__c} Total amount of the SOURCE records: 1384
[09:02:33.812] {SBQQ__Localization__c} Total amount of the TARGET records: 0
[09:02:33.955] {SBQQ__ConfigurationAttribute__c} Total amount of the SOURCE records: 0
[09:02:34.72] {SBQQ__ConfigurationAttribute__c} Total amount of the TARGET records: 0
[09:02:34.294] {Product2} Total amount of the SOURCE records: 215813
[09:02:34.530] {Product2} Total amount of the TARGET records: 216977
[09:02:34.684] {SBQQ__CustomAction__c} Total amount of the SOURCE records: 38
[09:02:34.793] {SBQQ__CustomAction__c} Total amount of the TARGET records: 0
[09:02:34.933] {SBQQ__TemplateContent__c} Total amount of the SOURCE records: 70
[09:02:35.104] {SBQQ__TemplateContent__c} Total amount of the TARGET records: 0
[09:02:35.237] {SBQQ__QuoteTemplate__c} Total amount of the SOURCE records: 7
[09:02:35.360] {SBQQ__QuoteTemplate__c} Total amount of the TARGET records: 0
[09:02:35.465] {SBQQ__TemplateSection__c} Total amount of the SOURCE records: 86
[09:02:35.640] {SBQQ__TemplateSection__c} Total amount of the TARGET records: 0
[09:02:35.787] {SBQQ__LineColumn__c} Total amount of the SOURCE records: 107
[09:02:35.899] {SBQQ__LineColumn__c} Total amount of the TARGET records: 0
[09:02:36.59] {SBQQ__LookupData__c} Total amount of the SOURCE records: 0
[09:02:36.172] {SBQQ__LookupData__c} Total amount of the TARGET records: 0
[09:02:36.289] {SBQQ__PriceRule__c} Total amount of the SOURCE records: 37
[09:02:36.426] {SBQQ__PriceRule__c} Total amount of the TARGET records: 0
[09:02:36.525] {SBQQ__LookupQuery__c} Total amount of the SOURCE records: 64
[09:02:36.683] {SBQQ__LookupQuery__c} Total amount of the TARGET records: 0
[09:02:36.785] {SBQQ__PriceAction__c} Total amount of the SOURCE records: 166
[09:02:36.911] {SBQQ__PriceAction__c} Total amount of the TARGET records: 0
[09:02:37.49] {SBQQ__PriceCondition__c} Total amount of the SOURCE records: 67
[09:02:37.147] {SBQQ__PriceCondition__c} Total amount of the TARGET records: 0
[09:02:37.246] {SBQQ__SearchFilter__c} Total amount of the SOURCE records: 13
[09:02:37.348] {SBQQ__SearchFilter__c} Total amount of the TARGET records: 0
[09:02:37.488] {SBQQ__SearchIndex__c} Total amount of the SOURCE records: 0
[09:02:37.623] {SBQQ__SearchIndex__c} Total amount of the TARGET records: 0

[09:02:37.624] DELETING OLD DATA FROM THE TARGET...
[09:02:37.625] {SBQQ__SearchIndex__c} Deleting old sObject data from the Target.
[09:02:37.743] {SBQQ__SearchIndex__c} Nothing to delete.
[09:02:37.743] {SBQQ__SearchFilter__c} Deleting old sObject data from the Target.
[09:02:37.847] {SBQQ__SearchFilter__c} Nothing to delete.
[09:02:37.848] {SBQQ__PriceCondition__c} Deleting old sObject data from the Target.
[09:02:37.959] {SBQQ__PriceCondition__c} Nothing to delete.
[09:02:37.959] {SBQQ__PriceAction__c} Deleting old sObject data from the Target.
[09:02:38.198] {SBQQ__PriceAction__c} Nothing to delete.
[09:02:38.199] {SBQQ__LookupQuery__c} Deleting old sObject data from the Target.
[09:02:38.379] {SBQQ__LookupQuery__c} Nothing to delete.
[09:02:38.380] {SBQQ__PriceRule__c} Deleting old sObject data from the Target.
[09:02:38.510] {SBQQ__PriceRule__c} Nothing to delete.
[09:02:38.511] {SBQQ__LookupData__c} Deleting old sObject data from the Target.
[09:02:38.625] {SBQQ__LookupData__c} Nothing to delete.
[09:02:38.626] {SBQQ__LineColumn__c} Deleting old sObject data from the Target.
[09:02:38.752] {SBQQ__LineColumn__c} Nothing to delete.
[09:02:38.753] {SBQQ__TemplateSection__c} Deleting old sObject data from the Target.
[09:02:38.873] {SBQQ__TemplateSection__c} Nothing to delete.
[09:02:38.874] {SBQQ__QuoteTemplate__c} Deleting old sObject data from the Target.
[09:02:38.980] {SBQQ__QuoteTemplate__c} Nothing to delete.
[09:02:38.981] {SBQQ__TemplateContent__c} Deleting old sObject data from the Target.
[09:02:39.109] {SBQQ__TemplateContent__c} Nothing to delete.
[09:02:39.110] {SBQQ__CustomAction__c} Deleting old sObject data from the Target.
[09:02:39.231] {SBQQ__CustomAction__c} Nothing to delete.
[09:02:39.232] {Product2} Nothing to delete.
[09:02:39.232] {SBQQ__ConfigurationAttribute__c} Nothing to delete.
[09:02:39.232] {SBQQ__Localization__c} Nothing to delete.
[09:02:39.233] {SBQQ__ProductRule__c} Nothing to delete.
[09:02:39.233] {SBQQ__SummaryVariable__c} Nothing to delete.
[09:02:39.234] {User} Nothing to delete.
[09:02:39.234] Deleting old data from the Target was skipped.

[09:02:39.235] RETRIEVING THE DATA STEP 1...
[09:02:39.236] {User} Retrieving the SOURCE data from Org (STEP 1: all records)...
[09:02:39.237] {User} Query string: SELECT Id, Name  FROM  User.
[09:02:40.466] {User} Retrieving the SOURCE data has been completed. Fetched 4686 new records.
[09:02:40.467] {SBQQ__SummaryVariable__c} Retrieving the SOURCE data from Org (STEP 1: all records)...
[09:02:40.468] {SBQQ__SummaryVariable__c} Query string: SELECT Id, Name  FROM  SBQQ__SummaryVariable__c.
[09:02:40.687] {SBQQ__SummaryVariable__c} Retrieving the SOURCE data has been completed. Fetched 0 new records.
[09:02:40.687] {SBQQ__ProductRule__c} Retrieving the SOURCE data from Org (STEP 1: all records)...
[09:02:40.688] {SBQQ__ProductRule__c} Query string: SELECT Id, Name  FROM  SBQQ__ProductRule__c.
[09:02:40.830] {SBQQ__ProductRule__c} Retrieving the SOURCE data has been completed. Fetched 0 new records.
[09:02:40.831] {SBQQ__Localization__c} Retrieving the SOURCE data from Org (STEP 1: all records)...
[09:02:40.831] {SBQQ__Localization__c} Query string: SELECT Id, Name  FROM  SBQQ__Localization__c.
[09:02:41.154] {SBQQ__Localization__c} Retrieving the SOURCE data has been completed. Fetched 1384 new records.
[09:02:41.155] {SBQQ__ConfigurationAttribute__c} Retrieving the SOURCE data from Org (STEP 1: all records)...
[09:02:41.156] {SBQQ__ConfigurationAttribute__c} Query string: SELECT Id, Name  FROM  SBQQ__ConfigurationAttribute__c.
[09:02:41.339] {SBQQ__ConfigurationAttribute__c} Retrieving the SOURCE data has been completed. Fetched 0 new records.
[09:02:41.339] {Product2} Retrieving the SOURCE data from Org (STEP 1: all records)...
[09:02:41.340] {Product2} Query string: SELECT Id, Name  FROM  Product2.
[09:02:54.526] {Product2} Retrieving the SOURCE data has been completed. Fetched 215813 new records.
[09:02:54.531] {SBQQ__CustomAction__c} Retrieving the SOURCE data from Org (STEP 1: all records)...
[09:02:54.532] {SBQQ__CustomAction__c} Query string: SELECT Id, OwnerId, SBQQ__ParentCustomAction__c, CurrencyIsoCode, Name, SBQQ__Action__c, SBQQ__Active__c, SBQQ__BrandButton__c, SBQQ__Class__c, SBQQ__ConditionsMet__c, SBQQ__Default__c, SBQQ__Description__c, SBQQ__DisplayOrder__c, SBQQ__EventHandlerN... FROM  SBQQ__CustomAction__c.
[09:02:54.806] {SBQQ__CustomAction__c} Retrieving the SOURCE data has been completed. Fetched 38 new records.
[09:02:54.807] {SBQQ__CustomAction__c} Retrieving self-referenced lookup records from SOURCE...
[09:02:54.808] {SBQQ__CustomAction__c} Query string: SELECT Id, OwnerId, SBQQ__ParentCustomAction__c, CurrencyIsoCode, Name, SBQQ__Action__c, SBQQ__Active__c, SBQQ__BrandButton__c, SBQQ__Class__c, SBQQ__ConditionsMet__c, SBQQ__Default__c, SBQQ__Description__c, SBQQ__DisplayOrder__c, SBQQ__EventHandlerN... FROM  SBQQ__CustomAction__c WHERE Id IN ('a0E0O000018ZiL2UAK').
[09:02:55.90] {SBQQ__CustomAction__c} Retrieving the SOURCE data has been completed. Fetched 0 new records.
[09:02:55.90] {SBQQ__TemplateContent__c} Retrieving the SOURCE data from Org (STEP 1: all records)...
[09:02:55.91] {SBQQ__TemplateContent__c} Query string: SELECT Id, OwnerId, CurrencyIsoCode, Name, SBQQ__CustomSource__c, SBQQ__FontFamily__c, SBQQ__FontSize__c, SBQQ__Markup__c, SBQQ__RawMarkup__c, SBQQ__TableStyle__c, SBQQ__TextColor__c, SBQQ__Type__c, Key__c, Owner.Name  FROM  SBQQ__TemplateContent__c.
[09:02:55.288] {SBQQ__TemplateContent__c} Retrieving the SOURCE data has been completed. Fetched 70 new records.
[09:02:55.289] {SBQQ__QuoteTemplate__c} Retrieving the SOURCE data from Org (STEP 1: all records)...
[09:02:55.290] {SBQQ__QuoteTemplate__c} Query string: SELECT Id, OwnerId, SBQQ__FooterContent__c, SBQQ__HeaderContent__c, CurrencyIsoCode, Name, SBQQ__AllPackageProductsShown__c, SBQQ__BillToTitle__c, SBQQ__BorderColor__c, SBQQ__BottomMargin__c, SBQQ__BundledProductsShown__c, SBQQ__CompanyCity__c, SBQQ_... FROM  SBQQ__QuoteTemplate__c.
[09:02:55.489] {SBQQ__QuoteTemplate__c} Retrieving the SOURCE data has been completed. Fetched 7 new records.
[09:02:55.508] {SBQQ__TemplateSection__c} Retrieving the SOURCE data from Org (STEP 1: all records)...
[09:02:55.509] {SBQQ__TemplateSection__c} Query string: SELECT Id, CurrencyIsoCode, Name, SBQQ__Template__c, SBQQ__BorderColor__c, SBQQ__BottomMargin__c, SBQQ__ColumnHeaderHidden__c, SBQQ__ConditionalPrintField__c, SBQQ__DisplayOrder__c, SBQQ__FilterField__c, SBQQ__FilterOperator__c, SBQQ__FilterValue__c,... FROM  SBQQ__TemplateSection__c.
[09:02:55.822] {SBQQ__TemplateSection__c} Retrieving the SOURCE data has been completed. Fetched 86 new records.
[09:02:55.825] {SBQQ__LineColumn__c} Retrieving the SOURCE data from Org (STEP 1: all records)...
[09:02:55.825] {SBQQ__LineColumn__c} Query string: SELECT Id, CurrencyIsoCode, Name, SBQQ__Template__c, SBQQ__Alignment__c, SBQQ__BottomMargin__c, SBQQ__ColumnHeadingField__c, SBQQ__ConditionalPrintField__c, SBQQ__DisplayOrder__c, SBQQ__DynamicNumberScale__c, SBQQ__FieldName__c, SBQQ__FontFamily__c, ... FROM  SBQQ__LineColumn__c.
[09:02:56.210] {SBQQ__LineColumn__c} Retrieving the SOURCE data has been completed. Fetched 107 new records.
[09:02:56.211] {SBQQ__LookupData__c} Retrieving the SOURCE data from Org (STEP 1: all records)...
[09:02:56.212] {SBQQ__LookupData__c} Query string: SELECT Id, OwnerId, SBQQ__Product__c, CurrencyIsoCode, Name, SBQQ__Category__c, SBQQ__Message__c, SBQQ__Required__c, SBQQ__Type__c, SBQQ__Value__c, Owner.Name, SBQQ__Product__r.Name  FROM  SBQQ__LookupData__c.
[09:02:56.454] {SBQQ__LookupData__c} Retrieving the SOURCE data has been completed. Fetched 0 new records.
[09:02:56.455] {SBQQ__PriceRule__c} Retrieving the SOURCE data from Org (STEP 1: all records)...
[09:02:56.456] {SBQQ__PriceRule__c} Query string: SELECT Id, OwnerId, SBQQ__Product__c, CurrencyIsoCode, Name, SBQQ__Active__c, SBQQ__AdvancedCondition__c, SBQQ__ConditionsMet__c, SBQQ__ConfiguratorEvaluationEvent__c, SBQQ__EvaluationEvent__c, SBQQ__EvaluationOrder__c, SBQQ__LookupObject__c, SBQQ__T... FROM  SBQQ__PriceRule__c.
[09:02:56.664] {SBQQ__PriceRule__c} Retrieving the SOURCE data has been completed. Fetched 37 new records.
[09:02:56.665] {SBQQ__LookupQuery__c} Retrieving the SOURCE data from Org (STEP 1: all records)...
[09:02:56.666] {SBQQ__LookupQuery__c} Query string: SELECT Id, OwnerId, SBQQ__PriceRule2__c, SBQQ__ProductRule__c, SBQQ__TestedConfigurationAttribute__c, CurrencyIsoCode, Name, SBQQ__LookupField__c, SBQQ__MatchType__c, SBQQ__Operator__c, SBQQ__TestedField__c, SBQQ__TestedObject__c, SBQQ__TestedValue__... FROM  SBQQ__LookupQuery__c.
[09:02:56.868] {SBQQ__LookupQuery__c} Retrieving the SOURCE data has been completed. Fetched 64 new records.
[09:02:56.868] {SBQQ__PriceAction__c} Retrieving the SOURCE data from Org (STEP 1: all records)...
[09:02:56.869] {SBQQ__PriceAction__c} Query string: SELECT Id, CurrencyIsoCode, Name, SBQQ__Rule__c, SBQQ__Field__c, SBQQ__Formula__c, SBQQ__Order__c, SBQQ__SourceLookupField__c, SBQQ__TargetObject__c, SBQQ__ValueField__c, SBQQ__Value__c, Description__c, SBQQ__SourceVariable__c, SBQQ__Rule__r.Id, SBQQ... FROM  SBQQ__PriceAction__c.
[09:02:57.259] {SBQQ__PriceAction__c} Retrieving the SOURCE data has been completed. Fetched 166 new records.
[09:02:57.260] {SBQQ__PriceCondition__c} Retrieving the SOURCE data from Org (STEP 1: all records)...
[09:02:57.260] {SBQQ__PriceCondition__c} Query string: SELECT Id, CurrencyIsoCode, Name, SBQQ__Rule__c, SBQQ__Field__c, SBQQ__FilterFormula__c, SBQQ__FilterType__c, SBQQ__Index__c, SBQQ__Object__c, SBQQ__Operator__c, SBQQ__TestedFormula__c, SBQQ__Value__c, SBQQ__FilterVariable__c, SBQQ__TestedVariable__c... FROM  SBQQ__PriceCondition__c.
[09:02:57.548] {SBQQ__PriceCondition__c} Retrieving the SOURCE data has been completed. Fetched 67 new records.
[09:02:57.549] {SBQQ__SearchFilter__c} Retrieving the SOURCE data from Org (STEP 1: all records)...
[09:02:57.550] {SBQQ__SearchFilter__c} Query string: SELECT Id, OwnerId, SBQQ__Action__c, CurrencyIsoCode, Name, SBQQ__DisplayOrder__c, SBQQ__FilterSourceField__c, SBQQ__FilterSourceObject__c, SBQQ__FilterValue__c, SBQQ__HiddenSourceField__c, SBQQ__HiddenSourceObject__c, SBQQ__Hidden__c, SBQQ__Operator... FROM  SBQQ__SearchFilter__c.
[09:02:57.771] {SBQQ__SearchFilter__c} Retrieving the SOURCE data has been completed. Fetched 13 new records.
[09:02:57.773] {SBQQ__SearchIndex__c} Retrieving the SOURCE data from Org (STEP 1: all records)...
[09:02:57.773] {SBQQ__SearchIndex__c} Query string: SELECT Id, OwnerId, SBQQ__Localization__c, CurrencyIsoCode, Name, SBQQ__Value__c, Owner.Name, SBQQ__Localization__r.Name  FROM  SBQQ__SearchIndex__c.
[09:02:57.942] {SBQQ__SearchIndex__c} Retrieving the SOURCE data has been completed. Fetched 0 new records.
[09:02:57.943] Retrieving the data STEP 1 has been completed.

[09:02:57.944] RETRIEVING THE DATA STEP 2...
[09:02:57.945] PASS 1
[09:02:57.945] =============
[09:02:57.946] No records

[09:02:57.947] PASS 2
[09:02:57.947] =============
[09:02:57.948] No records

[09:02:57.949] PASS 3
[09:02:57.949] =============
[09:02:57.950] {SBQQ__CustomAction__c} Retrieving self-referenced lookup records from SOURCE...
[09:02:57.951] {SBQQ__CustomAction__c} Query string: SELECT Id, OwnerId, SBQQ__ParentCustomAction__c, CurrencyIsoCode, Name, SBQQ__Action__c, SBQQ__Active__c, SBQQ__BrandButton__c, SBQQ__Class__c, SBQQ__ConditionsMet__c, SBQQ__Default__c, SBQQ__Description__c, SBQQ__DisplayOrder__c, SBQQ__EventHandlerN... FROM  SBQQ__CustomAction__c WHERE Id IN ('a0E0O000018ZiL2UAK').
[09:02:58.87] {SBQQ__CustomAction__c} Retrieving the SOURCE data has been completed. Fetched 0 new records.
[09:02:58.90] No records

[09:02:58.92] PASS 4
[09:02:58.92] =============
[09:02:58.93] {SBQQ__CustomAction__c} Retrieving self-referenced lookup records from SOURCE...
[09:02:58.94] {SBQQ__CustomAction__c} Query string: SELECT Id, OwnerId, SBQQ__ParentCustomAction__c, CurrencyIsoCode, Name, SBQQ__Action__c, SBQQ__Active__c, SBQQ__BrandButton__c, SBQQ__Class__c, SBQQ__ConditionsMet__c, SBQQ__Default__c, SBQQ__Description__c, SBQQ__DisplayOrder__c, SBQQ__EventHandlerN... FROM  SBQQ__CustomAction__c WHERE Id IN ('a0E0O000018ZiL2UAK').
[09:02:58.231] {SBQQ__CustomAction__c} Retrieving the SOURCE data has been completed. Fetched 0 new records.
[09:02:58.235] No records

[09:02:58.236] TARGET
[09:02:58.237] =============
[09:02:58.237] {User} Retrieving the TARGET data from Org (STEP 2: all records)...
[09:02:58.238] {User} Query string: SELECT Id, Name  FROM  User.
[09:03:01.940] {User} Retrieving the TARGET data has been completed. Fetched 3468 new records.
[09:03:01.941] {SBQQ__SummaryVariable__c} Retrieving the TARGET data from Org (STEP 2: all records)...
[09:03:01.942] {SBQQ__SummaryVariable__c} Query string: SELECT Id, Name  FROM  SBQQ__SummaryVariable__c.
[09:03:02.85] {SBQQ__SummaryVariable__c} Retrieving the TARGET data has been completed. Fetched 0 new records.
[09:03:02.85] {SBQQ__ProductRule__c} Retrieving the TARGET data from Org (STEP 2: all records)...
[09:03:02.86] {SBQQ__ProductRule__c} Query string: SELECT Id, Name  FROM  SBQQ__ProductRule__c.
[09:03:02.232] {SBQQ__ProductRule__c} Retrieving the TARGET data has been completed. Fetched 0 new records.
[09:03:02.234] {SBQQ__Localization__c} Retrieving the TARGET data from Org (STEP 2: all records)...
[09:03:02.234] {SBQQ__Localization__c} Query string: SELECT Id, Name  FROM  SBQQ__Localization__c.
[09:03:02.387] {SBQQ__Localization__c} Retrieving the TARGET data has been completed. Fetched 0 new records.
[09:03:02.388] {SBQQ__ConfigurationAttribute__c} Retrieving the TARGET data from Org (STEP 2: all records)...
[09:03:02.388] {SBQQ__ConfigurationAttribute__c} Query string: SELECT Id, Name  FROM  SBQQ__ConfigurationAttribute__c.
[09:03:02.551] {SBQQ__ConfigurationAttribute__c} Retrieving the TARGET data has been completed. Fetched 0 new records.
[09:03:02.551] {Product2} Retrieving the TARGET data from Org (STEP 2: all records)...
[09:03:02.552] {Product2} Query string: SELECT Id, Name  FROM  Product2.
[09:03:14.177][ERROR] Execution of the command was ABORTED due to unexpected error: Polling time out. Job Id = 7505E0000088BHQQA2 , batch Id = 7515E000006HeV3QAK.
[09:03:14.179] [STACK TRACE] PollingTimeout: Polling time out. Job Id = 7505E0000088BHQQA2 , batch Id = 7515E000006HeV3QAK
    at Timeout.poll [as _onTimeout] (/Users/jburgers/.local/share/sfdx/node_modules/jsforce/lib/api/bulk.js:573:17)
    at listOnTimeout (internal/timers.js:531:17)
    at processTimers (internal/timers.js:475:7)
[09:03:14.180] Execution of the command sfdmu:run has been finished. Exit code 1 (COMMAND_UNEXPECTED_ERROR).
[09:03:14.181] Total time elapsed: 00h 01m 05s 613ms .