
[01:09:56.242] Execution of the command sfdmu:run has been started.

[01:09:56.249] LOADING AND VALIDATING THE PACKAGE SCRIPT...
[01:09:56.481] sObject Group will be excluded from the process.
[01:09:56.614] Connecting to jburgers@imcdgroup.com.uat using SFDX CLI...
[01:10:01.649] Successfully connected to jburgers@imcdgroup.com.uat.
[01:10:01.650] Connecting to jburgers@imcdgroup.com.dmpoc using SFDX CLI...
[01:10:05.145] Successfully connected to jburgers@imcdgroup.com.dmpoc.
[01:10:05.161] {"SOURCE":"jburgers@imcdgroup.com.uat.","TARGET":"jburgers@imcdgroup.com.dmpoc.","Package script":"/Users/jburgers/Documents/SFDMU/data/jburgers-salesforce-com/SBQQ/export.json."}

[01:10:05.163] GETTING AND ANALYSING OBJECTS METADATA...
[01:10:05.164] Processing the sObject SBQQ__CustomAction__c...
[01:10:05.165] Getting metadata for SBQQ__CustomAction__c (SOURCE)
[01:10:05.421] Getting metadata for SBQQ__CustomAction__c (TARGET)
[01:10:05.694] Processing the sObject SBQQ__LineColumn__c...
[01:10:05.695] Getting metadata for SBQQ__LineColumn__c (SOURCE)
[01:10:05.969] Getting metadata for SBQQ__LineColumn__c (TARGET)
[01:10:06.251] Processing the sObject SBQQ__LookupData__c...
[01:10:06.252] Getting metadata for SBQQ__LookupData__c (SOURCE)
[01:10:06.448] Getting metadata for SBQQ__LookupData__c (TARGET)
[01:10:06.720] Processing the sObject SBQQ__LookupQuery__c...
[01:10:06.720] Getting metadata for SBQQ__LookupQuery__c (SOURCE)
[01:10:06.928] Getting metadata for SBQQ__LookupQuery__c (TARGET)
[01:10:07.140] Processing the sObject SBQQ__PriceAction__c...
[01:10:07.141] Getting metadata for SBQQ__PriceAction__c (SOURCE)
[01:10:07.354] Getting metadata for SBQQ__PriceAction__c (TARGET)
[01:10:07.587] Processing the sObject SBQQ__PriceCondition__c...
[01:10:07.588] Getting metadata for SBQQ__PriceCondition__c (SOURCE)
[01:10:07.867] Getting metadata for SBQQ__PriceCondition__c (TARGET)
[01:10:08.90] Processing the sObject SBQQ__PriceRule__c...
[01:10:08.91] Getting metadata for SBQQ__PriceRule__c (SOURCE)
[01:10:08.294] Getting metadata for SBQQ__PriceRule__c (TARGET)
[01:10:08.539] Processing the sObject SBQQ__QuoteTemplate__c...
[01:10:08.539] Getting metadata for SBQQ__QuoteTemplate__c (SOURCE)
[01:10:08.870] Getting metadata for SBQQ__QuoteTemplate__c (TARGET)
[01:10:09.188] Processing the sObject SBQQ__SearchFilter__c...
[01:10:09.189] Getting metadata for SBQQ__SearchFilter__c (SOURCE)
[01:10:09.389] Getting metadata for SBQQ__SearchFilter__c (TARGET)
[01:10:09.593] Processing the sObject SBQQ__SearchIndex__c...
[01:10:09.594] Getting metadata for SBQQ__SearchIndex__c (SOURCE)
[01:10:09.794] Getting metadata for SBQQ__SearchIndex__c (TARGET)
[01:10:10.11] Processing the sObject SBQQ__TemplateContent__c...
[01:10:10.12] Getting metadata for SBQQ__TemplateContent__c (SOURCE)
[01:10:10.243] Getting metadata for SBQQ__TemplateContent__c (TARGET)
[01:10:10.518] Processing the sObject SBQQ__TemplateSection__c...
[01:10:10.519] Getting metadata for SBQQ__TemplateSection__c (SOURCE)
[01:10:10.772] Getting metadata for SBQQ__TemplateSection__c (TARGET)
[01:10:11.17] Processing the sObject Product2...
[01:10:11.18] Getting metadata for Product2 (SOURCE)
[01:10:11.574] Getting metadata for Product2 (TARGET)
[01:10:12.453] Processing the sObject SBQQ__ConfigurationAttribute__c...
[01:10:12.454] Getting metadata for SBQQ__ConfigurationAttribute__c (SOURCE)
[01:10:12.674] Getting metadata for SBQQ__ConfigurationAttribute__c (TARGET)
[01:10:12.865] Processing the sObject SBQQ__Localization__c...
[01:10:12.866] Getting metadata for SBQQ__Localization__c (SOURCE)
[01:10:13.65] Getting metadata for SBQQ__Localization__c (TARGET)
[01:10:13.265] Processing the sObject SBQQ__ProductRule__c...
[01:10:13.266] Getting metadata for SBQQ__ProductRule__c (SOURCE)
[01:10:13.461] Getting metadata for SBQQ__ProductRule__c (TARGET)
[01:10:13.685] Processing the sObject SBQQ__SummaryVariable__c...
[01:10:13.686] Getting metadata for SBQQ__SummaryVariable__c (SOURCE)
[01:10:13.905] Getting metadata for SBQQ__SummaryVariable__c (TARGET)
[01:10:14.72] Processing the sObject SBQQ__SummaryVariable__c...
[01:10:14.72] Processing the sObject SBQQ__ProductRule__c...
[01:10:14.73] Processing the sObject SBQQ__Localization__c...
[01:10:14.74] Processing the sObject SBQQ__ConfigurationAttribute__c...
[01:10:14.74] Processing the sObject Product2...
[01:10:14.75] Processing the sObject SBQQ__TemplateSection__c...
[01:10:14.77] Processing the sObject SBQQ__TemplateContent__c...
[01:10:14.79] Getting metadata for User (SOURCE)
[01:10:15.58] Getting metadata for User (TARGET)
[01:10:16.12] Processing the sObject SBQQ__SearchIndex__c...
[01:10:16.13] Processing the sObject SBQQ__SearchFilter__c...
[01:10:16.15] Processing the sObject SBQQ__QuoteTemplate__c...
[01:10:16.24] Processing the sObject SBQQ__PriceRule__c...
[01:10:16.25] Processing the sObject SBQQ__PriceCondition__c...
[01:10:16.26] Processing the sObject SBQQ__PriceAction__c...
[01:10:16.27] Processing the sObject SBQQ__LookupQuery__c...
[01:10:16.28] Processing the sObject SBQQ__LookupData__c...
[01:10:16.30] Processing the sObject SBQQ__LineColumn__c...
[01:10:16.32] Processing the sObject SBQQ__CustomAction__c...

[01:10:16.34] PREPARING DATA MIGRATION JOB...
[01:10:16.35] Building migration strategy...
[01:10:16.39] {"Order of objects to retrieve data":"User; SBQQ__SummaryVariable__c; SBQQ__ProductRule__c; SBQQ__Localization__c; SBQQ__ConfigurationAttribute__c; Product2; SBQQ__CustomAction__c; SBQQ__TemplateContent__c; SBQQ__QuoteTemplate__c; SBQQ__TemplateSection__c; SBQQ__LineColumn__c; SBQQ__LookupData__c; SBQQ__PriceRule__c; SBQQ__LookupQuery__c; SBQQ__PriceAction__c; SBQQ__PriceCondition__c; SBQQ__SearchFilter__c; SBQQ__SearchIndex__c"}
[01:10:16.40] {"Order of objects to update data":"User; SBQQ__SummaryVariable__c; SBQQ__ProductRule__c; SBQQ__Localization__c; SBQQ__ConfigurationAttribute__c; Product2; SBQQ__CustomAction__c; SBQQ__TemplateContent__c; SBQQ__QuoteTemplate__c; SBQQ__TemplateSection__c; SBQQ__LineColumn__c; SBQQ__LookupData__c; SBQQ__PriceRule__c; SBQQ__LookupQuery__c; SBQQ__PriceAction__c; SBQQ__PriceCondition__c; SBQQ__SearchFilter__c; SBQQ__SearchIndex__c"}

[01:10:16.44] GETTING THE TOTAL AMOUNT OF RECORDS LIMITED BY THE OBJECT'S SOQL QUERY...
[01:10:16.321] {User} Total amount of the SOURCE records: 4686
[01:10:16.486] {User} Total amount of the TARGET records: 3468
[01:10:16.611] {SBQQ__SummaryVariable__c} Total amount of the SOURCE records: 0
[01:10:16.759] {SBQQ__SummaryVariable__c} Total amount of the TARGET records: 0
[01:10:16.892] {SBQQ__ProductRule__c} Total amount of the SOURCE records: 0
[01:10:17.1] {SBQQ__ProductRule__c} Total amount of the TARGET records: 0
[01:10:17.157] {SBQQ__Localization__c} Total amount of the SOURCE records: 1384
[01:10:17.275] {SBQQ__Localization__c} Total amount of the TARGET records: 0
[01:10:17.448] {SBQQ__ConfigurationAttribute__c} Total amount of the SOURCE records: 0
[01:10:17.556] {SBQQ__ConfigurationAttribute__c} Total amount of the TARGET records: 0
[01:10:17.780] {Product2} Total amount of the SOURCE records: 215813
[01:10:18.703] {Product2} Total amount of the TARGET records: 216977
[01:10:18.831] {SBQQ__CustomAction__c} Total amount of the SOURCE records: 38
[01:10:18.962] {SBQQ__CustomAction__c} Total amount of the TARGET records: 0
[01:10:19.89] {SBQQ__TemplateContent__c} Total amount of the SOURCE records: 70
[01:10:19.191] {SBQQ__TemplateContent__c} Total amount of the TARGET records: 0
[01:10:19.320] {SBQQ__QuoteTemplate__c} Total amount of the SOURCE records: 7
[01:10:19.445] {SBQQ__QuoteTemplate__c} Total amount of the TARGET records: 0
[01:10:19.568] {SBQQ__TemplateSection__c} Total amount of the SOURCE records: 86
[01:10:19.696] {SBQQ__TemplateSection__c} Total amount of the TARGET records: 0
[01:10:19.807] {SBQQ__LineColumn__c} Total amount of the SOURCE records: 107
[01:10:19.933] {SBQQ__LineColumn__c} Total amount of the TARGET records: 0
[01:10:20.68] {SBQQ__LookupData__c} Total amount of the SOURCE records: 0
[01:10:20.174] {SBQQ__LookupData__c} Total amount of the TARGET records: 0
[01:10:20.340] {SBQQ__PriceRule__c} Total amount of the SOURCE records: 37
[01:10:20.438] {SBQQ__PriceRule__c} Total amount of the TARGET records: 37
[01:10:20.535] {SBQQ__LookupQuery__c} Total amount of the SOURCE records: 64
[01:10:20.651] {SBQQ__LookupQuery__c} Total amount of the TARGET records: 0
[01:10:20.756] {SBQQ__PriceAction__c} Total amount of the SOURCE records: 166
[01:10:20.857] {SBQQ__PriceAction__c} Total amount of the TARGET records: 0
[01:10:20.972] {SBQQ__PriceCondition__c} Total amount of the SOURCE records: 67
[01:10:21.87] {SBQQ__PriceCondition__c} Total amount of the TARGET records: 0
[01:10:21.186] {SBQQ__SearchFilter__c} Total amount of the SOURCE records: 13
[01:10:21.291] {SBQQ__SearchFilter__c} Total amount of the TARGET records: 0
[01:10:21.390] {SBQQ__SearchIndex__c} Total amount of the SOURCE records: 0
[01:10:21.501] {SBQQ__SearchIndex__c} Total amount of the TARGET records: 0

[01:10:21.502] DELETING OLD DATA FROM THE TARGET...
[01:10:21.503] {SBQQ__SearchIndex__c} Deleting old sObject data from the Target.
[01:10:21.687] {SBQQ__SearchIndex__c} Nothing to delete.
[01:10:21.687] {SBQQ__SearchFilter__c} Deleting old sObject data from the Target.
[01:10:21.786] {SBQQ__SearchFilter__c} Nothing to delete.
[01:10:21.787] {SBQQ__PriceCondition__c} Deleting old sObject data from the Target.
[01:10:21.895] {SBQQ__PriceCondition__c} Nothing to delete.
[01:10:21.896] {SBQQ__PriceAction__c} Deleting old sObject data from the Target.
[01:10:22.6] {SBQQ__PriceAction__c} Nothing to delete.
[01:10:22.6] {SBQQ__LookupQuery__c} Deleting old sObject data from the Target.
[01:10:22.142] {SBQQ__LookupQuery__c} Nothing to delete.
[01:10:22.143] {SBQQ__PriceRule__c} Deleting old sObject data from the Target.
[01:10:22.246] {SBQQ__PriceRule__c} Number of records to Delete: 37.
[01:10:22.248] {SBQQ__PriceRule__c} The Delete API operation has been started using REST API.
[01:10:22.249] [Job# REST:Delete] {SBQQ__PriceRule__c} The job has been created.
[01:10:31.851] {SBQQ__PriceRule__c} The Delete API operation has been finished.
[01:10:31.856] {SBQQ__PriceRule__c} Deleting old sObject data from the Target has been completed.
[01:10:31.857] {SBQQ__LookupData__c} Deleting old sObject data from the Target.
[01:10:31.998] {SBQQ__LookupData__c} Nothing to delete.
[01:10:32.0] {SBQQ__LineColumn__c} Deleting old sObject data from the Target.
[01:10:32.139] {SBQQ__LineColumn__c} Nothing to delete.
[01:10:32.140] {SBQQ__TemplateSection__c} Deleting old sObject data from the Target.
[01:10:32.244] {SBQQ__TemplateSection__c} Nothing to delete.
[01:10:32.245] {SBQQ__QuoteTemplate__c} Deleting old sObject data from the Target.
[01:10:32.402] {SBQQ__QuoteTemplate__c} Nothing to delete.
[01:10:32.402] {SBQQ__TemplateContent__c} Deleting old sObject data from the Target.
[01:10:32.545] {SBQQ__TemplateContent__c} Nothing to delete.
[01:10:32.546] {SBQQ__CustomAction__c} Deleting old sObject data from the Target.
[01:10:32.656] {SBQQ__CustomAction__c} Nothing to delete.
[01:10:32.657] {Product2} Nothing to delete.
[01:10:32.657] {SBQQ__ConfigurationAttribute__c} Nothing to delete.
[01:10:32.658] {SBQQ__Localization__c} Nothing to delete.
[01:10:32.659] {SBQQ__ProductRule__c} Nothing to delete.
[01:10:32.659] {SBQQ__SummaryVariable__c} Nothing to delete.
[01:10:32.660] {User} Nothing to delete.
[01:10:32.660] Deleting old data from the Target has been completed.

[01:10:32.662] RETRIEVING THE DATA STEP 1...
[01:10:32.663] {User} Retrieving the SOURCE data from Org (STEP 1: all records)...
[01:10:32.664] {User} Query string: SELECT Id, Name  FROM  User.
[01:10:33.903] {User} Retrieving the SOURCE data has been completed. Fetched 4686 new records.
[01:10:33.904] {SBQQ__SummaryVariable__c} Retrieving the SOURCE data from Org (STEP 1: all records)...
[01:10:33.905] {SBQQ__SummaryVariable__c} Query string: SELECT Id, Name  FROM  SBQQ__SummaryVariable__c.
[01:10:34.67] {SBQQ__SummaryVariable__c} Retrieving the SOURCE data has been completed. Fetched 0 new records.
[01:10:34.67] {SBQQ__ProductRule__c} Retrieving the SOURCE data from Org (STEP 1: all records)...
[01:10:34.68] {SBQQ__ProductRule__c} Query string: SELECT Id, Name  FROM  SBQQ__ProductRule__c.
[01:10:34.182] {SBQQ__ProductRule__c} Retrieving the SOURCE data has been completed. Fetched 0 new records.
[01:10:34.183] {SBQQ__Localization__c} Retrieving the SOURCE data from Org (STEP 1: all records)...
[01:10:34.184] {SBQQ__Localization__c} Query string: SELECT Id, Name  FROM  SBQQ__Localization__c.
[01:10:34.737] {SBQQ__Localization__c} Retrieving the SOURCE data has been completed. Fetched 1384 new records.
[01:10:34.738] {SBQQ__ConfigurationAttribute__c} Retrieving the SOURCE data from Org (STEP 1: all records)...
[01:10:34.738] {SBQQ__ConfigurationAttribute__c} Query string: SELECT Id, Name  FROM  SBQQ__ConfigurationAttribute__c.
[01:10:34.900] {SBQQ__ConfigurationAttribute__c} Retrieving the SOURCE data has been completed. Fetched 0 new records.
[01:10:34.900] {Product2} Retrieving the SOURCE data from Org (STEP 1: all records)...
[01:10:34.901] {Product2} Query string: SELECT Id, Name  FROM  Product2.
[01:10:47.879] {Product2} Retrieving the SOURCE data has been completed. Fetched 215813 new records.
[01:10:47.883] {SBQQ__CustomAction__c} Retrieving the SOURCE data from Org (STEP 1: all records)...
[01:10:47.884] {SBQQ__CustomAction__c} Query string: SELECT Id, OwnerId, SBQQ__ParentCustomAction__c, CurrencyIsoCode, Name, SBQQ__Action__c, SBQQ__Active__c, SBQQ__BrandButton__c, SBQQ__Class__c, SBQQ__ConditionsMet__c, SBQQ__Default__c, SBQQ__Description__c, SBQQ__DisplayOrder__c, SBQQ__EventHandlerN... FROM  SBQQ__CustomAction__c.
[01:10:48.120] {SBQQ__CustomAction__c} Retrieving the SOURCE data has been completed. Fetched 38 new records.
[01:10:48.121] {SBQQ__CustomAction__c} Retrieving self-referenced lookup records from SOURCE...
[01:10:48.122] {SBQQ__CustomAction__c} Query string: SELECT Id, OwnerId, SBQQ__ParentCustomAction__c, CurrencyIsoCode, Name, SBQQ__Action__c, SBQQ__Active__c, SBQQ__BrandButton__c, SBQQ__Class__c, SBQQ__ConditionsMet__c, SBQQ__Default__c, SBQQ__Description__c, SBQQ__DisplayOrder__c, SBQQ__EventHandlerN... FROM  SBQQ__CustomAction__c WHERE Id IN ('a0E0O000018ZiL2UAK').
[01:10:48.546] {SBQQ__CustomAction__c} Retrieving the SOURCE data has been completed. Fetched 0 new records.
[01:10:48.547] {SBQQ__TemplateContent__c} Retrieving the SOURCE data from Org (STEP 1: all records)...
[01:10:48.548] {SBQQ__TemplateContent__c} Query string: SELECT Id, OwnerId, CurrencyIsoCode, Name, SBQQ__CustomSource__c, SBQQ__FontFamily__c, SBQQ__FontSize__c, SBQQ__Markup__c, SBQQ__RawMarkup__c, SBQQ__TableStyle__c, SBQQ__TextColor__c, SBQQ__Type__c, Key__c, Owner.Name  FROM  SBQQ__TemplateContent__c.
[01:10:48.881] {SBQQ__TemplateContent__c} Retrieving the SOURCE data has been completed. Fetched 70 new records.
[01:10:48.883] {SBQQ__QuoteTemplate__c} Retrieving the SOURCE data from Org (STEP 1: all records)...
[01:10:48.883] {SBQQ__QuoteTemplate__c} Query string: SELECT Id, OwnerId, SBQQ__FooterContent__c, SBQQ__HeaderContent__c, CurrencyIsoCode, Name, SBQQ__AllPackageProductsShown__c, SBQQ__BillToTitle__c, SBQQ__BorderColor__c, SBQQ__BottomMargin__c, SBQQ__BundledProductsShown__c, SBQQ__CompanyCity__c, SBQQ_... FROM  SBQQ__QuoteTemplate__c.
[01:10:49.89] {SBQQ__QuoteTemplate__c} Retrieving the SOURCE data has been completed. Fetched 7 new records.
[01:10:49.92] {SBQQ__TemplateSection__c} Retrieving the SOURCE data from Org (STEP 1: all records)...
[01:10:49.93] {SBQQ__TemplateSection__c} Query string: SELECT Id, CurrencyIsoCode, Name, SBQQ__Template__c, SBQQ__BorderColor__c, SBQQ__BottomMargin__c, SBQQ__ColumnHeaderHidden__c, SBQQ__ConditionalPrintField__c, SBQQ__DisplayOrder__c, SBQQ__FilterField__c, SBQQ__FilterOperator__c, SBQQ__FilterValue__c,... FROM  SBQQ__TemplateSection__c.
[01:10:49.450] {SBQQ__TemplateSection__c} Retrieving the SOURCE data has been completed. Fetched 86 new records.
[01:10:49.451] {SBQQ__LineColumn__c} Retrieving the SOURCE data from Org (STEP 1: all records)...
[01:10:49.451] {SBQQ__LineColumn__c} Query string: SELECT Id, CurrencyIsoCode, Name, SBQQ__Template__c, SBQQ__Alignment__c, SBQQ__BottomMargin__c, SBQQ__ColumnHeadingField__c, SBQQ__ConditionalPrintField__c, SBQQ__DisplayOrder__c, SBQQ__DynamicNumberScale__c, SBQQ__FieldName__c, SBQQ__FontFamily__c, ... FROM  SBQQ__LineColumn__c.
[01:10:49.869] {SBQQ__LineColumn__c} Retrieving the SOURCE data has been completed. Fetched 107 new records.
[01:10:49.870] {SBQQ__LookupData__c} Retrieving the SOURCE data from Org (STEP 1: all records)...
[01:10:49.871] {SBQQ__LookupData__c} Query string: SELECT Id, OwnerId, SBQQ__Product__c, CurrencyIsoCode, Name, SBQQ__Category__c, SBQQ__Message__c, SBQQ__Required__c, SBQQ__Type__c, SBQQ__Value__c, Owner.Name, SBQQ__Product__r.Name  FROM  SBQQ__LookupData__c.
[01:10:50.40] {SBQQ__LookupData__c} Retrieving the SOURCE data has been completed. Fetched 0 new records.
[01:10:50.41] {SBQQ__PriceRule__c} Retrieving the SOURCE data from Org (STEP 1: all records)...
[01:10:50.42] {SBQQ__PriceRule__c} Query string: SELECT Id, OwnerId, SBQQ__Product__c, CurrencyIsoCode, Name, SBQQ__Active__c, SBQQ__AdvancedCondition__c, SBQQ__ConditionsMet__c, SBQQ__ConfiguratorEvaluationEvent__c, SBQQ__EvaluationEvent__c, SBQQ__EvaluationOrder__c, SBQQ__LookupObject__c, SBQQ__T... FROM  SBQQ__PriceRule__c.
[01:10:50.219] {SBQQ__PriceRule__c} Retrieving the SOURCE data has been completed. Fetched 37 new records.
[01:10:50.220] {SBQQ__LookupQuery__c} Retrieving the SOURCE data from Org (STEP 1: all records)...
[01:10:50.221] {SBQQ__LookupQuery__c} Query string: SELECT Id, OwnerId, SBQQ__PriceRule2__c, SBQQ__ProductRule__c, SBQQ__TestedConfigurationAttribute__c, CurrencyIsoCode, Name, SBQQ__LookupField__c, SBQQ__MatchType__c, SBQQ__Operator__c, SBQQ__TestedField__c, SBQQ__TestedObject__c, SBQQ__TestedValue__... FROM  SBQQ__LookupQuery__c.
[01:10:50.490] {SBQQ__LookupQuery__c} Retrieving the SOURCE data has been completed. Fetched 64 new records.
[01:10:50.491] {SBQQ__PriceAction__c} Retrieving the SOURCE data from Org (STEP 1: all records)...
[01:10:50.492] {SBQQ__PriceAction__c} Query string: SELECT Id, CurrencyIsoCode, Name, SBQQ__Rule__c, SBQQ__Field__c, SBQQ__Formula__c, SBQQ__Order__c, SBQQ__SourceLookupField__c, SBQQ__TargetObject__c, SBQQ__ValueField__c, SBQQ__Value__c, Description__c, SBQQ__SourceVariable__c, SBQQ__Rule__r.Id, SBQQ... FROM  SBQQ__PriceAction__c.
[01:10:50.840] {SBQQ__PriceAction__c} Retrieving the SOURCE data has been completed. Fetched 166 new records.
[01:10:50.842] {SBQQ__PriceCondition__c} Retrieving the SOURCE data from Org (STEP 1: all records)...
[01:10:50.842] {SBQQ__PriceCondition__c} Query string: SELECT Id, CurrencyIsoCode, Name, SBQQ__Rule__c, SBQQ__Field__c, SBQQ__FilterFormula__c, SBQQ__FilterType__c, SBQQ__Index__c, SBQQ__Object__c, SBQQ__Operator__c, SBQQ__TestedFormula__c, SBQQ__Value__c, SBQQ__FilterVariable__c, SBQQ__TestedVariable__c... FROM  SBQQ__PriceCondition__c.
[01:10:51.116] {SBQQ__PriceCondition__c} Retrieving the SOURCE data has been completed. Fetched 67 new records.
[01:10:51.117] {SBQQ__SearchFilter__c} Retrieving the SOURCE data from Org (STEP 1: all records)...
[01:10:51.117] {SBQQ__SearchFilter__c} Query string: SELECT Id, OwnerId, SBQQ__Action__c, CurrencyIsoCode, Name, SBQQ__DisplayOrder__c, SBQQ__FilterSourceField__c, SBQQ__FilterSourceObject__c, SBQQ__FilterValue__c, SBQQ__HiddenSourceField__c, SBQQ__HiddenSourceObject__c, SBQQ__Hidden__c, SBQQ__Operator... FROM  SBQQ__SearchFilter__c.
[01:10:51.322] {SBQQ__SearchFilter__c} Retrieving the SOURCE data has been completed. Fetched 13 new records.
[01:10:51.323] {SBQQ__SearchIndex__c} Retrieving the SOURCE data from Org (STEP 1: all records)...
[01:10:51.324] {SBQQ__SearchIndex__c} Query string: SELECT Id, OwnerId, SBQQ__Localization__c, CurrencyIsoCode, Name, SBQQ__Value__c, Owner.Name, SBQQ__Localization__r.Name  FROM  SBQQ__SearchIndex__c.
[01:10:51.456] {SBQQ__SearchIndex__c} Retrieving the SOURCE data has been completed. Fetched 0 new records.
[01:10:51.457] Retrieving the data STEP 1 has been completed.

[01:10:51.460] RETRIEVING THE DATA STEP 2...
[01:10:51.461] PASS 1
[01:10:51.461] =============
[01:10:51.462] No records

[01:10:51.463] PASS 2
[01:10:51.464] =============
[01:10:51.465] No records

[01:10:51.466] PASS 3
[01:10:51.466] =============
[01:10:51.467] {SBQQ__CustomAction__c} Retrieving self-referenced lookup records from SOURCE...
[01:10:51.468] {SBQQ__CustomAction__c} Query string: SELECT Id, OwnerId, SBQQ__ParentCustomAction__c, CurrencyIsoCode, Name, SBQQ__Action__c, SBQQ__Active__c, SBQQ__BrandButton__c, SBQQ__Class__c, SBQQ__ConditionsMet__c, SBQQ__Default__c, SBQQ__Description__c, SBQQ__DisplayOrder__c, SBQQ__EventHandlerN... FROM  SBQQ__CustomAction__c WHERE Id IN ('a0E0O000018ZiL2UAK').
[01:10:51.605] {SBQQ__CustomAction__c} Retrieving the SOURCE data has been completed. Fetched 0 new records.
[01:10:51.609] No records

[01:10:51.611] PASS 4
[01:10:51.611] =============
[01:10:51.612] {SBQQ__CustomAction__c} Retrieving self-referenced lookup records from SOURCE...
[01:10:51.613] {SBQQ__CustomAction__c} Query string: SELECT Id, OwnerId, SBQQ__ParentCustomAction__c, CurrencyIsoCode, Name, SBQQ__Action__c, SBQQ__Active__c, SBQQ__BrandButton__c, SBQQ__Class__c, SBQQ__ConditionsMet__c, SBQQ__Default__c, SBQQ__Description__c, SBQQ__DisplayOrder__c, SBQQ__EventHandlerN... FROM  SBQQ__CustomAction__c WHERE Id IN ('a0E0O000018ZiL2UAK').
[01:10:51.741] {SBQQ__CustomAction__c} Retrieving the SOURCE data has been completed. Fetched 0 new records.
[01:10:51.744] No records

[01:10:51.745] TARGET
[01:10:51.746] =============
[01:10:51.746] {User} Retrieving the TARGET data from Org (STEP 2: all records)...
[01:10:51.747] {User} Query string: SELECT Id, Name  FROM  User.
[01:10:52.709] {User} Retrieving the TARGET data has been completed. Fetched 3468 new records.
[01:10:52.711] {SBQQ__SummaryVariable__c} Retrieving the TARGET data from Org (STEP 2: all records)...
[01:10:52.711] {SBQQ__SummaryVariable__c} Query string: SELECT Id, Name  FROM  SBQQ__SummaryVariable__c.
[01:10:53.122] {SBQQ__SummaryVariable__c} Retrieving the TARGET data has been completed. Fetched 0 new records.
[01:10:53.123] {SBQQ__ProductRule__c} Retrieving the TARGET data from Org (STEP 2: all records)...
[01:10:53.124] {SBQQ__ProductRule__c} Query string: SELECT Id, Name  FROM  SBQQ__ProductRule__c.
[01:10:53.226] {SBQQ__ProductRule__c} Retrieving the TARGET data has been completed. Fetched 0 new records.
[01:10:53.227] {SBQQ__Localization__c} Retrieving the TARGET data from Org (STEP 2: all records)...
[01:10:53.227] {SBQQ__Localization__c} Query string: SELECT Id, Name  FROM  SBQQ__Localization__c.
[01:10:53.341] {SBQQ__Localization__c} Retrieving the TARGET data has been completed. Fetched 0 new records.
[01:10:53.342] {SBQQ__ConfigurationAttribute__c} Retrieving the TARGET data from Org (STEP 2: all records)...
[01:10:53.342] {SBQQ__ConfigurationAttribute__c} Query string: SELECT Id, Name  FROM  SBQQ__ConfigurationAttribute__c.
[01:10:53.476] {SBQQ__ConfigurationAttribute__c} Retrieving the TARGET data has been completed. Fetched 0 new records.
[01:10:53.477] {Product2} Retrieving the TARGET data from Org (STEP 2: all records)...
[01:10:53.477] {Product2} Query string: SELECT Id, Name  FROM  Product2.
[01:11:06.255][ERROR] Execution of the command was ABORTED due to unexpected error: Polling time out. Job Id = 7505E00000888HJQAY , batch Id = 7515E000006Hb3aQAC.
[01:11:06.257] [STACK TRACE] PollingTimeout: Polling time out. Job Id = 7505E00000888HJQAY , batch Id = 7515E000006Hb3aQAC
    at Timeout.poll [as _onTimeout] (/Users/jburgers/.local/share/sfdx/node_modules/jsforce/lib/api/bulk.js:573:17)
    at listOnTimeout (internal/timers.js:531:17)
    at processTimers (internal/timers.js:475:7)
[01:11:06.257] Execution of the command sfdmu:run has been finished. Exit code 1 (COMMAND_UNEXPECTED_ERROR).
[01:11:06.258] Total time elapsed: 00h 01m 10s 011ms .